2025-09-06 10:58:59,645 - INFO - 开始完整数据爬取...
2025-09-06 10:58:59,646 - INFO - 开始获取添加剂列表...
2025-09-06 10:59:02,622 - INFO - 找到 290 个添加剂
2025-09-06 10:59:02,629 - INFO - 成功获取 290 个添加剂列表
2025-09-06 10:59:07,673 - INFO - 成功爬取添加剂 阿拉伯胶: 基本信息 + 256 条使用限量
2025-09-06 10:59:11,030 - INFO - 成功爬取添加剂 β－阿朴－8’－胡萝卜素醛: 基本信息 + 57 条使用限量
2025-09-06 10:59:13,087 - INFO - 成功爬取添加剂 爱德万甜（又名N-{N-[3-（3-羟基-4-甲氧基苯基）丙基]-L-α-天冬氨酰}-L-苯丙氨酸-1-甲酯）: 基本信息 + 71 条使用限量
2025-09-06 10:59:14,962 - INFO - 成功爬取添加剂 氨基乙酸（又名甘氨酸）: 基本信息 + 48 条使用限量
2025-09-06 10:59:16,399 - INFO - 成功爬取添加剂 铵磷脂: 基本信息 + 1 条使用限量
2025-09-06 10:59:17,824 - INFO - 成功爬取添加剂 巴西棕榈蜡: 基本信息 + 14 条使用限量
2025-09-06 10:59:19,231 - INFO - 成功爬取添加剂 白油（又名液体石蜡）: 基本信息 + 2 条使用限量
2025-09-06 10:59:20,657 - INFO - 成功爬取添加剂 L-半胱氨酸盐酸盐: 基本信息 + 3 条使用限量
2025-09-06 10:59:25,058 - INFO - 成功爬取添加剂 半乳甘露聚糖: 基本信息 + 255 条使用限量
2025-09-06 10:59:28,524 - INFO - 成功爬取添加剂 苯甲酸及其钠盐（包括苯甲酸，苯甲酸钠）: 基本信息 + 54 条使用限量
2025-09-06 10:59:28,524 - INFO - 添加剂进度: 10/290 完成，成功 10 个
2025-09-06 10:59:33,545 - INFO - 成功爬取添加剂 冰乙酸（又名冰醋酸）: 基本信息 + 254 条使用限量
2025-09-06 10:59:37,713 - INFO - 成功爬取添加剂 冰乙酸（低压羰基化法）: 基本信息 + 254 条使用限量
2025-09-06 10:59:39,172 - INFO - 成功爬取添加剂 冰结构蛋白: 基本信息 + 5 条使用限量
2025-09-06 10:59:40,770 - INFO - 成功爬取添加剂 L-丙氨酸: 基本信息 + 25 条使用限量
2025-09-06 10:59:42,109 - INFO - 成功爬取添加剂 丙二醇: 基本信息 + 6 条使用限量
2025-09-06 10:59:44,013 - INFO - 成功爬取添加剂 丙二醇脂肪酸酯: 基本信息 + 64 条使用限量
2025-09-06 10:59:45,678 - INFO - 成功爬取添加剂 丙酸及其钠盐、钙盐（包括丙酸，丙酸钠，丙酸钙）: 基本信息 + 34 条使用限量
2025-09-06 10:59:47,537 - INFO - 成功爬取添加剂 茶多酚（又名维多酚，简称“TP”）: 基本信息 + 62 条使用限量
2025-09-06 10:59:48,861 - INFO - 成功爬取添加剂 茶多酚棕榈酸酯: 基本信息 + 6 条使用限量
2025-09-06 10:59:52,563 - INFO - 成功爬取添加剂 茶黄素: 基本信息 + 107 条使用限量
2025-09-06 10:59:52,563 - INFO - 添加剂进度: 20/290 完成，成功 20 个
2025-09-06 10:59:56,696 - INFO - 成功爬取添加剂 5’-呈味核苷酸二钠（又名呈味核苷酸二钠）: 基本信息 + 255 条使用限量
2025-09-06 10:59:58,354 - INFO - 成功爬取添加剂 赤藓红及其铝色淀（包括赤藓红，赤藓红铝色淀）: 基本信息 + 41 条使用限量
2025-09-06 11:00:04,837 - INFO - 成功爬取添加剂 赤藓糖醇: 基本信息 + 255 条使用限量
2025-09-06 11:00:06,212 - INFO - 成功爬取添加剂 刺梧桐胶: 基本信息 + 4 条使用限量
2025-09-06 11:00:08,098 - INFO - 成功爬取添加剂 刺云实胶: 基本信息 + 77 条使用限量
2025-09-06 11:00:14,244 - INFO - 成功爬取添加剂 醋酸酯淀粉: 基本信息 + 256 条使用限量
2025-09-06 11:00:15,751 - INFO - 成功爬取添加剂 达瓦树胶: 基本信息 + 1 条使用限量
2025-09-06 11:00:22,240 - INFO - 成功爬取添加剂 单，双甘油脂肪酸酯: 基本信息 + 276 条使用限量
2025-09-06 11:00:23,654 - INFO - 成功爬取添加剂 单辛酸甘油酯: 基本信息 + 8 条使用限量
2025-09-06 11:00:25,083 - INFO - 成功爬取添加剂 氮气（液氮）: 基本信息 + 13 条使用限量
2025-09-06 11:00:25,083 - INFO - 添加剂进度: 30/290 完成，成功 30 个
2025-09-06 11:00:27,027 - INFO - 成功爬取添加剂 淀粉磷酸酯钠（又名淀粉磷酸酯，磷酸酯淀粉，单淀粉磷酸酯）: 基本信息 + 59 条使用限量
2025-09-06 11:00:28,582 - INFO - 成功爬取添加剂 靛蓝及其铝色淀（包括靛蓝，靛蓝铝色淀）: 基本信息 + 24 条使用限量
2025-09-06 11:00:30,203 - INFO - 成功爬取添加剂 丁基羟基茴香醚（简称“BHA”）: 基本信息 + 35 条使用限量
2025-09-06 11:00:31,792 - INFO - 成功爬取添加剂 对羟基苯甲酸酯类及其钠盐（包括对羟基苯甲酸甲酯钠，对羟基苯甲酸乙酯，对羟基苯甲酸乙酯钠）: 基本信息 + 20 条使用限量
2025-09-06 11:00:33,435 - INFO - 成功爬取添加剂 二丁基羟基甲苯（简称“BHT”）: 基本信息 + 31 条使用限量
2025-09-06 11:00:36,902 - INFO - 成功爬取添加剂 纽甜（又名N-[N-（3，3-二甲基丁基）]-L-α-天门冬氨-L-苯丙氨酸1-甲酯）: 基本信息 + 132 条使用限量
2025-09-06 11:00:38,375 - INFO - 成功爬取添加剂 二甲基二碳酸盐（又名维果灵）: 基本信息 + 8 条使用限量
2025-09-06 11:00:42,685 - INFO - 成功爬取添加剂 二氧化硅: 基本信息 + 31 条使用限量
2025-09-06 11:00:44,842 - INFO - 成功爬取添加剂 二氧化硫及亚硫酸盐（包括二氧化硫，焦亚硫酸钾，焦亚硫酸钠，亚硫酸钠，亚硫酸氢钠，低亚硫酸钠）: 基本信息 + 61 条使用限量
2025-09-06 11:00:46,586 - INFO - 成功爬取添加剂 二氧化钛: 基本信息 + 28 条使用限量
2025-09-06 11:00:46,586 - INFO - 添加剂进度: 40/290 完成，成功 40 个
2025-09-06 11:00:48,149 - INFO - 成功爬取添加剂 二氧化碳: 基本信息 + 32 条使用限量
2025-09-06 11:00:49,834 - INFO - 成功爬取添加剂 番茄红: 基本信息 + 40 条使用限量
2025-09-06 11:00:53,634 - INFO - 成功爬取添加剂 番茄红素: 基本信息 + 53 条使用限量
2025-09-06 11:00:55,061 - INFO - 成功爬取添加剂 蜂蜡: 基本信息 + 4 条使用限量
2025-09-06 11:00:56,684 - INFO - 成功爬取添加剂 富马酸: 基本信息 + 26 条使用限量
2025-09-06 11:00:58,692 - INFO - 成功爬取添加剂 富马酸一钠: 基本信息 + 78 条使用限量
2025-09-06 11:01:03,151 - INFO - 成功爬取添加剂 改性大豆磷脂: 基本信息 + 255 条使用限量
2025-09-06 11:01:04,722 - INFO - 成功爬取添加剂 甘草抗氧化物: 基本信息 + 28 条使用限量
2025-09-06 11:01:06,550 - INFO - 成功爬取添加剂 甘草酸盐（包括甘草酸铵，甘草酸一钾，甘草酸三钾）: 基本信息 + 66 条使用限量
2025-09-06 11:01:10,956 - INFO - 成功爬取添加剂 甘油（又名丙三醇）: 基本信息 + 255 条使用限量
2025-09-06 11:01:10,956 - INFO - 添加剂进度: 50/290 完成，成功 50 个
2025-09-06 11:01:15,294 - INFO - 成功爬取添加剂 柑橘黄: 基本信息 + 256 条使用限量
2025-09-06 11:01:19,648 - INFO - 成功爬取添加剂 高粱红: 基本信息 + 255 条使用限量
2025-09-06 11:01:21,097 - INFO - 成功爬取添加剂 D-甘露糖醇: 基本信息 + 3 条使用限量
2025-09-06 11:01:22,393 - INFO - 成功爬取添加剂 高锰酸钾: 基本信息 + 1 条使用限量
2025-09-06 11:01:28,562 - INFO - 成功爬取添加剂 谷氨酸钠: 基本信息 + 255 条使用限量
2025-09-06 11:01:32,198 - INFO - 成功爬取添加剂 谷氨酰胺转氨酶: 基本信息 + 18 条使用限量
2025-09-06 11:01:36,554 - INFO - 成功爬取添加剂 瓜尔胶: 基本信息 + 257 条使用限量
2025-09-06 11:01:38,342 - INFO - 成功爬取添加剂 硅酸钙: 基本信息 + 50 条使用限量
2025-09-06 11:01:43,063 - INFO - 成功爬取添加剂 果胶: 基本信息 + 270 条使用限量
2025-09-06 11:01:46,809 - INFO - 成功爬取添加剂 海藻酸丙二醇酯: 基本信息 + 89 条使用限量
2025-09-06 11:01:46,809 - INFO - 添加剂进度: 60/290 完成，成功 60 个
2025-09-06 11:01:50,833 - INFO - 成功爬取添加剂 海藻酸钙（又名褐藻酸钙）: 基本信息 + 6 条使用限量
2025-09-06 11:01:56,730 - INFO - 成功爬取添加剂 海藻酸钾（又名褐藻酸钾）: 基本信息 + 255 条使用限量
2025-09-06 11:02:03,022 - INFO - 成功爬取添加剂 海藻酸钠（又名褐藻酸钠）: 基本信息 + 270 条使用限量
2025-09-06 11:02:04,474 - INFO - 成功爬取添加剂 核黄素: 基本信息 + 6 条使用限量
2025-09-06 11:02:05,888 - INFO - 成功爬取添加剂 黑豆红: 基本信息 + 7 条使用限量
2025-09-06 11:02:07,281 - INFO - 成功爬取添加剂 黑加仑红: 基本信息 + 5 条使用限量
2025-09-06 11:02:09,157 - INFO - 成功爬取添加剂 红花黄: 基本信息 + 59 条使用限量
2025-09-06 11:02:10,593 - INFO - 成功爬取添加剂 红米红: 基本信息 + 14 条使用限量
2025-09-06 11:02:12,232 - INFO - 成功爬取添加剂 红曲黄色素: 基本信息 + 44 条使用限量
2025-09-06 11:02:14,468 - INFO - 成功爬取添加剂 红曲米，红曲红: 基本信息 + 102 条使用限量
2025-09-06 11:02:14,468 - INFO - 添加剂进度: 70/290 完成，成功 70 个
2025-09-06 11:02:19,380 - INFO - 成功爬取添加剂 β-胡萝卜素: 基本信息 + 164 条使用限量
2025-09-06 11:02:21,161 - INFO - 成功爬取添加剂 琥珀酸单甘油酯: 基本信息 + 43 条使用限量
2025-09-06 11:02:22,881 - INFO - 成功爬取添加剂 琥珀酸二钠: 基本信息 + 25 条使用限量
2025-09-06 11:02:24,356 - INFO - 成功爬取添加剂 花生衣红: 基本信息 + 12 条使用限量
2025-09-06 11:02:28,922 - INFO - 成功爬取添加剂 槐豆胶（又名刺槐豆胶）: 基本信息 + 259 条使用限量
2025-09-06 11:02:31,071 - INFO - 成功爬取添加剂 甜蜜素（又名环己基氨基磺酸钠），环己基氨基磺酸钙: 基本信息 + 79 条使用限量
2025-09-06 11:02:35,622 - INFO - 成功爬取添加剂 黄原胶（又名汉生胶）: 基本信息 + 268 条使用限量
2025-09-06 11:02:40,013 - INFO - 成功爬取添加剂 α-环状糊精: 基本信息 + 255 条使用限量
2025-09-06 11:02:48,520 - INFO - 成功爬取添加剂 γ-环状糊精: 基本信息 + 255 条使用限量
2025-09-06 11:02:53,566 - INFO - 成功爬取添加剂 β-环状糊精: 基本信息 + 39 条使用限量
2025-09-06 11:02:53,566 - INFO - 添加剂进度: 80/290 完成，成功 80 个
2025-09-06 11:02:57,834 - INFO - 成功爬取添加剂 5’-肌苷酸二钠: 基本信息 + 255 条使用限量
2025-09-06 11:03:00,843 - INFO - 成功爬取添加剂 己二酸: 基本信息 + 7 条使用限量
2025-09-06 11:03:06,328 - INFO - 成功爬取添加剂 4-己基间苯二酚: 基本信息 + 1 条使用限量
2025-09-06 11:03:10,689 - INFO - 成功爬取添加剂 甲基纤维素: 基本信息 + 255 条使用限量
2025-09-06 11:03:13,788 - INFO - 成功爬取添加剂 甲壳素（又名几丁质）: 基本信息 + 19 条使用限量
2025-09-06 11:03:16,160 - INFO - 成功爬取添加剂 姜黄: 基本信息 + 95 条使用限量
2025-09-06 11:03:17,945 - INFO - 成功爬取添加剂 姜黄素: 基本信息 + 45 条使用限量
2025-09-06 11:03:21,444 - INFO - 成功爬取添加剂 焦糖色（加氨生产）: 基本信息 + 62 条使用限量
2025-09-06 11:03:25,937 - INFO - 成功爬取添加剂 焦糖色（苛性硫酸盐法）: 基本信息 + 4 条使用限量
2025-09-06 11:03:36,285 - INFO - 成功爬取添加剂 焦糖色（普通法）: 基本信息 + 70 条使用限量
2025-09-06 11:03:36,285 - INFO - 添加剂进度: 90/290 完成，成功 90 个
2025-09-06 11:03:38,469 - INFO - 成功爬取添加剂 焦糖色（亚硫酸铵法）: 基本信息 + 68 条使用限量
2025-09-06 11:03:42,628 - INFO - 成功爬取添加剂 结冷胶: 基本信息 + 255 条使用限量
2025-09-06 11:03:44,093 - INFO - 成功爬取添加剂 金樱子棕: 基本信息 + 10 条使用限量
2025-09-06 11:03:45,724 - INFO - 成功爬取添加剂 L（+）-酒石酸，dl-酒石酸: 基本信息 + 28 条使用限量
2025-09-06 11:03:47,188 - INFO - 成功爬取添加剂 酒石酸氢钾: 基本信息 + 20 条使用限量
2025-09-06 11:03:48,487 - INFO - 成功爬取添加剂 酒石酸铁: 基本信息 + 1 条使用限量
2025-09-06 11:03:49,965 - INFO - 成功爬取添加剂 菊花黄浸膏: 基本信息 + 13 条使用限量
2025-09-06 11:04:00,226 - INFO - 成功爬取添加剂 聚丙烯酸钠: 基本信息 + 255 条使用限量
2025-09-06 11:04:01,657 - INFO - 成功爬取添加剂 聚二甲基硅氧烷及其乳液（包括聚二甲基硅氧烷，聚二甲基硅氧烷乳液）: 基本信息 + 2 条使用限量
2025-09-06 11:04:03,166 - INFO - 成功爬取添加剂 聚甘油蓖麻醇酸酯（简称“PGPR”）: 基本信息 + 16 条使用限量
2025-09-06 11:04:03,166 - INFO - 添加剂进度: 100/290 完成，成功 100 个
2025-09-06 11:04:05,341 - INFO - 成功爬取添加剂 聚甘油脂肪酸酯: 基本信息 + 100 条使用限量
2025-09-06 11:04:06,903 - INFO - 成功爬取添加剂 ε-聚赖氨酸: 基本信息 + 31 条使用限量
2025-09-06 11:04:11,454 - INFO - 成功爬取添加剂 ε-聚赖氨酸盐酸盐: 基本信息 + 145 条使用限量
2025-09-06 11:04:13,416 - INFO - 成功爬取添加剂 聚葡萄糖: 基本信息 + 60 条使用限量
2025-09-06 11:04:14,831 - INFO - 成功爬取添加剂 聚天冬氨酸钾: 基本信息 + 5 条使用限量
2025-09-06 11:04:16,773 - INFO - 成功爬取添加剂 吐温类[包括聚氧乙烯（20）山梨醇酐单月桂酸酯（又名吐温20），聚氧乙烯（20）山梨醇酐单棕榈酸酯（又名吐温40），聚氧乙烯（20）山梨醇酐单硬脂酸酯（又名吐温60），聚氧乙烯（20）山梨醇酐单油酸酯（又名吐温80）]: 基本信息 + 56 条使用限量
2025-09-06 11:04:18,140 - INFO - 成功爬取添加剂 聚乙二醇: 基本信息 + 1 条使用限量
2025-09-06 11:04:21,127 - INFO - 成功爬取添加剂 聚乙烯醇: 基本信息 + 1 条使用限量
2025-09-06 11:04:27,003 - INFO - 成功爬取添加剂 决明胶: 基本信息 + 37 条使用限量
2025-09-06 11:04:28,413 - INFO - 成功爬取添加剂 咖啡因: 基本信息 + 1 条使用限量
2025-09-06 11:04:28,414 - INFO - 添加剂进度: 110/290 完成，成功 110 个
2025-09-06 11:04:34,871 - INFO - 成功爬取添加剂 卡拉胶: 基本信息 + 273 条使用限量
2025-09-06 11:04:41,147 - INFO - 成功爬取添加剂 抗坏血酸（又名维生素C）: 基本信息 + 275 条使用限量
2025-09-06 11:04:47,460 - INFO - 成功爬取添加剂 抗坏血酸钙: 基本信息 + 258 条使用限量
2025-09-06 11:04:53,600 - INFO - 成功爬取添加剂 抗坏血酸钠: 基本信息 + 263 条使用限量
2025-09-06 11:04:55,390 - INFO - 成功爬取添加剂 抗坏血酸棕榈酸酯: 基本信息 + 27 条使用限量
2025-09-06 11:04:56,987 - INFO - 成功爬取添加剂 抗坏血酸棕榈酸酯（酶法）: 基本信息 + 25 条使用限量
2025-09-06 11:04:58,712 - INFO - 成功爬取添加剂 可得然胶: 基本信息 + 37 条使用限量
2025-09-06 11:05:00,306 - INFO - 成功爬取添加剂 可可壳色: 基本信息 + 32 条使用限量
2025-09-06 11:05:02,192 - INFO - 成功爬取添加剂 可溶性大豆多糖: 基本信息 + 63 条使用限量
2025-09-06 11:05:03,656 - INFO - 成功爬取添加剂 喹啉黄及其铝色淀（包括喹啉黄，喹啉黄铝色淀）: 基本信息 + 2 条使用限量
2025-09-06 11:05:03,656 - INFO - 添加剂进度: 120/290 完成，成功 120 个
2025-09-06 11:05:06,904 - INFO - 成功爬取添加剂 辣椒橙: 基本信息 + 41 条使用限量
2025-09-06 11:05:09,232 - INFO - 成功爬取添加剂 辣椒红: 基本信息 + 103 条使用限量
2025-09-06 11:05:10,930 - INFO - 成功爬取添加剂 辣椒油树脂: 基本信息 + 35 条使用限量
2025-09-06 11:05:12,372 - INFO - 成功爬取添加剂 蓝锭果红: 基本信息 + 15 条使用限量
2025-09-06 11:05:16,702 - INFO - 成功爬取添加剂 酪蛋白酸钠（又名酪朊酸钠）: 基本信息 + 257 条使用限量
2025-09-06 11:05:18,046 - INFO - 成功爬取添加剂 联苯醚（又名二苯醚）: 基本信息 + 1 条使用限量
2025-09-06 11:05:20,158 - INFO - 成功爬取添加剂 亮蓝及其铝色淀（包括亮蓝，亮蓝铝色淀）: 基本信息 + 76 条使用限量
2025-09-06 11:05:23,556 - INFO - 成功爬取添加剂 磷酸及磷酸盐[包括磷酸，焦磷酸二氢二钠，焦磷酸钠，磷酸二氢钙，磷酸二氢钾，磷酸氢二铵，磷酸氢二钾，磷酸氢钙，磷酸三钙，磷酸三钾，磷酸三钠，多聚磷酸钠（包括六偏磷酸钠），三聚磷酸钠，磷酸二氢钠，磷酸氢二钠，焦磷酸四钾，焦磷酸一氢三钠，聚偏磷酸钾，酸式焦磷酸钙]: 基本信息 + 177 条使用限量
2025-09-06 11:05:24,958 - INFO - 成功爬取添加剂 磷酸化二淀粉磷酸酯: 基本信息 + 8 条使用限量
2025-09-06 11:05:32,525 - INFO - 成功爬取添加剂 磷酸酯双淀粉: 基本信息 + 255 条使用限量
2025-09-06 11:05:32,525 - INFO - 添加剂进度: 130/290 完成，成功 130 个
2025-09-06 11:05:38,573 - INFO - 成功爬取添加剂 磷脂: 基本信息 + 266 条使用限量
2025-09-06 11:05:39,902 - INFO - 成功爬取添加剂 硫代二丙酸二月桂酯: 基本信息 + 7 条使用限量
2025-09-06 11:05:41,400 - INFO - 成功爬取添加剂 硫磺: 基本信息 + 13 条使用限量
2025-09-06 11:05:43,182 - INFO - 成功爬取添加剂 硫酸钙（又名石膏）: 基本信息 + 46 条使用限量
2025-09-06 11:05:46,414 - INFO - 成功爬取添加剂 硫酸铝钾（又名钾明矾），硫酸铝铵（又名铵明矾）: 基本信息 + 35 条使用限量
2025-09-06 11:05:47,814 - INFO - 成功爬取添加剂 硫酸镁: 基本信息 + 1 条使用限量
2025-09-06 11:05:49,216 - INFO - 成功爬取添加剂 硫酸锌: 基本信息 + 1 条使用限量
2025-09-06 11:05:50,560 - INFO - 成功爬取添加剂 硫酸亚铁: 基本信息 + 3 条使用限量
2025-09-06 11:05:56,607 - INFO - 成功爬取添加剂 罗汉果甜苷: 基本信息 + 255 条使用限量
2025-09-06 11:05:58,305 - INFO - 成功爬取添加剂 罗望子多糖胶: 基本信息 + 30 条使用限量
2025-09-06 11:05:58,305 - INFO - 添加剂进度: 140/290 完成，成功 140 个
2025-09-06 11:05:59,946 - INFO - 成功爬取添加剂 萝卜红: 基本信息 + 35 条使用限量
2025-09-06 11:06:01,560 - INFO - 成功爬取添加剂 氯化钙: 基本信息 + 27 条使用限量
2025-09-06 11:06:07,554 - INFO - 成功爬取添加剂 氯化钾: 基本信息 + 257 条使用限量
2025-09-06 11:06:13,344 - INFO - 成功爬取添加剂 氯化镁: 基本信息 + 34 条使用限量
2025-09-06 11:06:14,803 - INFO - 成功爬取添加剂 吗啉脂肪酸盐果蜡: 基本信息 + 1 条使用限量
2025-09-06 11:06:19,292 - INFO - 成功爬取添加剂 麦芽糖醇，麦芽糖醇液: 基本信息 + 119 条使用限量
2025-09-06 11:06:21,044 - INFO - 成功爬取添加剂 没食子酸丙酯（简称“PG”）: 基本信息 + 33 条使用限量
2025-09-06 11:06:22,475 - INFO - 成功爬取添加剂 玫瑰茄红: 基本信息 + 6 条使用限量
2025-09-06 11:06:26,982 - INFO - 成功爬取添加剂 酶解大豆磷脂: 基本信息 + 255 条使用限量
2025-09-06 11:06:28,763 - INFO - 成功爬取添加剂 迷迭香提取物: 基本信息 + 48 条使用限量
2025-09-06 11:06:28,763 - INFO - 添加剂进度: 150/290 完成，成功 150 个
2025-09-06 11:06:33,233 - INFO - 成功爬取添加剂 明胶: 基本信息 + 255 条使用限量
2025-09-06 11:06:34,583 - INFO - 成功爬取添加剂 木松香甘油酯: 基本信息 + 1 条使用限量
2025-09-06 11:06:41,757 - INFO - 成功爬取添加剂 木糖醇: 基本信息 + 255 条使用限量
2025-09-06 11:06:43,196 - INFO - 成功爬取添加剂 木糖醇酐单硬脂酸酯: 基本信息 + 10 条使用限量
2025-09-06 11:06:46,398 - INFO - 成功爬取添加剂 纳他霉素: 基本信息 + 30 条使用限量
2025-09-06 11:06:50,692 - INFO - 成功爬取添加剂 5’-鸟苷酸二钠: 基本信息 + 255 条使用限量
2025-09-06 11:06:52,894 - INFO - 成功爬取添加剂 柠檬黄及其铝色淀（包括柠檬黄，柠檬黄铝色淀）: 基本信息 + 91 条使用限量
2025-09-06 11:06:57,407 - INFO - 成功爬取添加剂 柠檬酸: 基本信息 + 265 条使用限量
2025-09-06 11:07:04,523 - INFO - 成功爬取添加剂 柠檬酸钾: 基本信息 + 264 条使用限量
2025-09-06 11:07:13,393 - INFO - 成功爬取添加剂 柠檬酸钠: 基本信息 + 264 条使用限量
2025-09-06 11:07:13,393 - INFO - 添加剂进度: 160/290 完成，成功 160 个
2025-09-06 11:07:14,805 - INFO - 成功爬取添加剂 柠檬酸铁铵: 基本信息 + 1 条使用限量
2025-09-06 11:07:16,228 - INFO - 成功爬取添加剂 柠檬酸亚锡二钠: 基本信息 + 3 条使用限量
2025-09-06 11:07:20,724 - INFO - 成功爬取添加剂 柠檬酸一钠: 基本信息 + 264 条使用限量
2025-09-06 11:07:25,337 - INFO - 成功爬取添加剂 柠檬酸脂肪酸甘油酯: 基本信息 + 259 条使用限量
2025-09-06 11:07:29,905 - INFO - 成功爬取添加剂 DL-苹果酸钠: 基本信息 + 255 条使用限量
2025-09-06 11:07:36,074 - INFO - 成功爬取添加剂 L-苹果酸: 基本信息 + 255 条使用限量
2025-09-06 11:07:48,315 - INFO - 成功爬取添加剂 L-苹果酸钠: 基本信息 + 255 条使用限量
2025-09-06 11:07:52,582 - INFO - 成功爬取添加剂 DL-苹果酸: 基本信息 + 255 条使用限量
2025-09-06 11:07:53,937 - INFO - 成功爬取添加剂 偏酒石酸: 基本信息 + 1 条使用限量
2025-09-06 11:07:55,654 - INFO - 成功爬取添加剂 葡萄皮红: 基本信息 + 50 条使用限量
2025-09-06 11:07:55,654 - INFO - 添加剂进度: 170/290 完成，成功 170 个
2025-09-06 11:08:01,915 - INFO - 成功爬取添加剂 葡萄糖酸-δ-内酯: 基本信息 + 257 条使用限量
2025-09-06 11:08:06,378 - INFO - 成功爬取添加剂 葡萄糖酸钠: 基本信息 + 255 条使用限量
2025-09-06 11:08:07,803 - INFO - 成功爬取添加剂 葡萄糖酸亚铁: 基本信息 + 1 条使用限量
2025-09-06 11:08:09,414 - INFO - 成功爬取添加剂 普鲁兰多糖: 基本信息 + 34 条使用限量
2025-09-06 11:08:15,460 - INFO - 成功爬取添加剂 羟丙基淀粉: 基本信息 + 255 条使用限量
2025-09-06 11:08:19,886 - INFO - 成功爬取添加剂 羟丙基二淀粉磷酸酯: 基本信息 + 257 条使用限量
2025-09-06 11:08:24,361 - INFO - 成功爬取添加剂 羟丙基甲基纤维素（简称“HPMC”）: 基本信息 + 255 条使用限量
2025-09-06 11:08:25,806 - INFO - 成功爬取添加剂 羟基硬脂精（又名氧化硬脂精）: 基本信息 + 6 条使用限量
2025-09-06 11:08:27,194 - INFO - 成功爬取添加剂 氢化松香甘油酯: 基本信息 + 3 条使用限量
2025-09-06 11:08:28,580 - INFO - 成功爬取添加剂 氢氧化钙: 基本信息 + 7 条使用限量
2025-09-06 11:08:28,581 - INFO - 添加剂进度: 180/290 完成，成功 180 个
2025-09-06 11:08:30,034 - INFO - 成功爬取添加剂 氢氧化钾: 基本信息 + 10 条使用限量
2025-09-06 11:08:34,399 - INFO - 成功爬取添加剂 琼脂: 基本信息 + 255 条使用限量
2025-09-06 11:08:36,564 - INFO - 成功爬取添加剂 日落黄及其铝色淀（包括日落黄，日落黄铝色淀）: 基本信息 + 78 条使用限量
2025-09-06 11:08:37,981 - INFO - 成功爬取添加剂 溶菌酶: 基本信息 + 15 条使用限量
2025-09-06 11:08:39,331 - INFO - 成功爬取添加剂 肉桂醛: 基本信息 + 1 条使用限量
2025-09-06 11:08:43,765 - INFO - 成功爬取添加剂 乳酸: 基本信息 + 261 条使用限量
2025-09-06 11:08:45,502 - INFO - 成功爬取添加剂 乳酸钙: 基本信息 + 47 条使用限量
2025-09-06 11:08:52,568 - INFO - 成功爬取添加剂 乳酸钾: 基本信息 + 255 条使用限量
2025-09-06 11:08:57,561 - INFO - 成功爬取添加剂 乳酸链球菌素: 基本信息 + 114 条使用限量
2025-09-06 11:09:01,812 - INFO - 成功爬取添加剂 乳酸钠: 基本信息 + 256 条使用限量
2025-09-06 11:09:01,812 - INFO - 添加剂进度: 190/290 完成，成功 190 个
2025-09-06 11:09:07,850 - INFO - 成功爬取添加剂 乳酸脂肪酸甘油酯: 基本信息 + 256 条使用限量
2025-09-06 11:09:12,346 - INFO - 成功爬取添加剂 乳糖醇（又名4－β－D吡喃半乳糖－D－山梨醇）: 基本信息 + 262 条使用限量
2025-09-06 11:09:13,792 - INFO - 成功爬取添加剂 乳糖酶: 基本信息 + 8 条使用限量
2025-09-06 11:09:16,147 - INFO - 成功爬取添加剂 三氯蔗糖（又名蔗糖素）: 基本信息 + 115 条使用限量
2025-09-06 11:09:17,492 - INFO - 成功爬取添加剂 三赞胶: 基本信息 + 6 条使用限量
2025-09-06 11:09:18,846 - INFO - 成功爬取添加剂 桑椹红: 基本信息 + 8 条使用限量
2025-09-06 11:09:20,247 - INFO - 成功爬取添加剂 沙蒿胶: 基本信息 + 14 条使用限量
2025-09-06 11:09:21,619 - INFO - 成功爬取添加剂 沙棘黄: 基本信息 + 2 条使用限量
2025-09-06 11:09:25,118 - INFO - 成功爬取添加剂 司盘类[包括山梨醇酐单月桂酸酯（又名司盘20），山梨醇酐单棕榈酸酯（又名司盘40），山梨醇酐单硬脂酸酯（又名司盘60），山梨醇酐三硬脂酸酯（又名司盘65），山梨醇酐单油酸酯（又名司盘80）]: 基本信息 + 60 条使用限量
2025-09-06 11:09:27,846 - INFO - 成功爬取添加剂 山梨酸及其钾盐（包括山梨酸，山梨酸钾）: 基本信息 + 133 条使用限量
2025-09-06 11:09:27,846 - INFO - 添加剂进度: 200/290 完成，成功 200 个
2025-09-06 11:09:30,131 - INFO - 成功爬取添加剂 山梨糖醇，山梨糖醇液: 基本信息 + 107 条使用限量
2025-09-06 11:09:32,016 - INFO - 成功爬取添加剂 双乙酸钠（又名二醋酸钠）: 基本信息 + 65 条使用限量
2025-09-06 11:09:36,810 - INFO - 成功爬取添加剂 双乙酰酒石酸单双甘油酯（简称“DATEM”）: 基本信息 + 158 条使用限量
2025-09-06 11:09:38,227 - INFO - 成功爬取添加剂 松香季戊四醇酯: 基本信息 + 2 条使用限量
2025-09-06 11:09:43,989 - INFO - 成功爬取添加剂 酸处理淀粉: 基本信息 + 255 条使用限量
2025-09-06 11:09:45,459 - INFO - 成功爬取添加剂 酸性红（又名偶氮玉红）: 基本信息 + 16 条使用限量
2025-09-06 11:09:46,861 - INFO - 成功爬取添加剂 羧甲基淀粉钠: 基本信息 + 6 条使用限量
2025-09-06 11:09:51,198 - INFO - 成功爬取添加剂 羧甲基纤维素钠: 基本信息 + 257 条使用限量
2025-09-06 11:09:54,540 - INFO - 成功爬取添加剂 索马甜: 基本信息 + 54 条使用限量
2025-09-06 11:09:55,953 - INFO - 成功爬取添加剂 碳酸铵: 基本信息 + 5 条使用限量
2025-09-06 11:09:55,953 - INFO - 添加剂进度: 210/290 完成，成功 210 个
2025-09-06 11:10:00,204 - INFO - 成功爬取添加剂 碳酸钙（包括轻质碳酸钙，重质碳酸钙）: 基本信息 + 258 条使用限量
2025-09-06 11:10:09,391 - INFO - 成功爬取添加剂 碳酸钾: 基本信息 + 261 条使用限量
2025-09-06 11:10:10,831 - INFO - 成功爬取添加剂 碳酸镁（包括轻质碳酸镁，重质碳酸镁）: 基本信息 + 8 条使用限量
2025-09-06 11:10:15,425 - INFO - 成功爬取添加剂 碳酸钠: 基本信息 + 259 条使用限量
2025-09-06 11:10:19,902 - INFO - 成功爬取添加剂 碳酸氢铵: 基本信息 + 256 条使用限量
2025-09-06 11:10:35,251 - INFO - 成功爬取添加剂 碳酸氢钾: 基本信息 + 259 条使用限量
2025-09-06 11:10:41,074 - INFO - 成功爬取添加剂 碳酸氢钠: 基本信息 + 257 条使用限量
2025-09-06 11:10:42,659 - INFO - 成功爬取添加剂 碳酸氢三钠（又名倍半碳酸钠）: 基本信息 + 35 条使用限量
2025-09-06 11:10:46,881 - INFO - 成功爬取添加剂 糖精钠: 基本信息 + 35 条使用限量
2025-09-06 11:10:48,622 - INFO - 成功爬取添加剂 特丁基对苯二酚（简称“TBHQ”）: 基本信息 + 34 条使用限量
2025-09-06 11:10:48,622 - INFO - 添加剂进度: 220/290 完成，成功 220 个
2025-09-06 11:10:50,304 - INFO - 成功爬取添加剂 阿力甜（又名L-α-天冬氨酰-N-（2，2，4，4-四甲基-3-硫化三亚甲基）-D-丙氨酰胺）: 基本信息 + 35 条使用限量
2025-09-06 11:10:53,274 - INFO - 成功爬取添加剂 阿斯巴甜（又名天门冬酰苯丙氨酸甲酯）: 基本信息 + 132 条使用限量
2025-09-06 11:10:55,303 - INFO - 成功爬取添加剂 天门冬酰苯丙氨酸甲酯乙酰磺胺酸: 基本信息 + 66 条使用限量
2025-09-06 11:11:01,441 - INFO - 成功爬取添加剂 天然胡萝卜素: 基本信息 + 255 条使用限量
2025-09-06 11:11:02,970 - INFO - 成功爬取添加剂 天然苋菜红: 基本信息 + 18 条使用限量
2025-09-06 11:11:04,371 - INFO - 成功爬取添加剂 田菁胶: 基本信息 + 5 条使用限量
2025-09-06 11:11:10,423 - INFO - 成功爬取添加剂 甜菜红: 基本信息 + 255 条使用限量
2025-09-06 11:11:14,556 - INFO - 成功爬取添加剂 甜菊糖苷: 基本信息 + 105 条使用限量
2025-09-06 11:11:16,214 - INFO - 成功爬取添加剂 脱氢乙酸及其钠盐（包括脱氢乙酸，脱氢乙酸钠）: 基本信息 + 36 条使用限量
2025-09-06 11:11:17,586 - INFO - 成功爬取添加剂 脱乙酰甲壳素（又名壳聚糖）: 基本信息 + 2 条使用限量
2025-09-06 11:11:17,586 - INFO - 添加剂进度: 230/290 完成，成功 230 个
2025-09-06 11:11:21,999 - INFO - 成功爬取添加剂 微晶纤维素: 基本信息 + 257 条使用限量
2025-09-06 11:11:23,784 - INFO - 成功爬取添加剂 维生素E（包括dl-α-生育酚，d-α-生育酚，混合生育酚浓缩物）: 基本信息 + 54 条使用限量
2025-09-06 11:11:25,234 - INFO - 成功爬取添加剂 稳定态二氧化氯: 基本信息 + 14 条使用限量
2025-09-06 11:11:26,791 - INFO - 成功爬取添加剂 纤维素: 基本信息 + 30 条使用限量
2025-09-06 11:11:28,507 - INFO - 成功爬取添加剂 苋菜红及其铝色淀（包括苋菜红，苋菜红铝色淀）: 基本信息 + 40 条使用限量
2025-09-06 11:11:29,964 - INFO - 成功爬取添加剂 橡子壳棕: 基本信息 + 2 条使用限量
2025-09-06 11:11:31,490 - INFO - 成功爬取添加剂 硝酸钠，硝酸钾: 基本信息 + 10 条使用限量
2025-09-06 11:11:33,094 - INFO - 成功爬取添加剂 辛，癸酸甘油酯: 基本信息 + 40 条使用限量
2025-09-06 11:11:37,633 - INFO - 成功爬取添加剂 辛烯基琥珀酸淀粉钠: 基本信息 + 260 条使用限量
2025-09-06 11:11:39,101 - INFO - 成功爬取添加剂 新红及其铝色淀（包括新红，新红铝色淀）: 基本信息 + 17 条使用限量
2025-09-06 11:11:39,101 - INFO - 添加剂进度: 240/290 完成，成功 240 个
2025-09-06 11:11:40,824 - INFO - 成功爬取添加剂 亚麻籽胶（又名富兰克胶）: 基本信息 + 44 条使用限量
2025-09-06 11:11:42,174 - INFO - 成功爬取添加剂 亚铁氰化钾，亚铁氰化钠: 基本信息 + 1 条使用限量
2025-09-06 11:11:43,622 - INFO - 成功爬取添加剂 亚硝酸钠，亚硝酸钾: 基本信息 + 11 条使用限量
2025-09-06 11:11:45,733 - INFO - 成功爬取添加剂 胭脂虫红及其铝色淀（包括胭脂虫红，胭脂虫红铝色淀）: 基本信息 + 106 条使用限量
2025-09-06 11:11:47,447 - INFO - 成功爬取添加剂 胭脂红及其铝色淀（包括胭脂红，胭脂红铝色淀）: 基本信息 + 56 条使用限量
2025-09-06 11:11:49,422 - INFO - 成功爬取添加剂 胭脂树橙（又名红木素，降红木素）: 基本信息 + 82 条使用限量
2025-09-06 11:11:50,712 - INFO - 成功爬取添加剂 盐酸: 基本信息 + 1 条使用限量
2025-09-06 11:11:52,336 - INFO - 成功爬取添加剂 杨梅红: 基本信息 + 37 条使用限量
2025-09-06 11:11:56,813 - INFO - 成功爬取添加剂 氧化淀粉: 基本信息 + 255 条使用限量
2025-09-06 11:12:02,811 - INFO - 成功爬取添加剂 氧化羟丙基淀粉: 基本信息 + 255 条使用限量
2025-09-06 11:12:02,811 - INFO - 添加剂进度: 250/290 完成，成功 250 个
2025-09-06 11:12:04,318 - INFO - 成功爬取添加剂 氧化铁黑，氧化铁红: 基本信息 + 1 条使用限量
2025-09-06 11:12:07,698 - INFO - 成功爬取添加剂 叶黄素: 基本信息 + 57 条使用限量
2025-09-06 11:12:09,311 - INFO - 成功爬取添加剂 叶绿素铜: 基本信息 + 18 条使用限量
2025-09-06 11:12:11,216 - INFO - 成功爬取添加剂 叶绿素铜钠盐，叶绿素铜钾盐: 基本信息 + 61 条使用限量
2025-09-06 11:12:12,641 - INFO - 成功爬取添加剂 液体二氧化碳（煤气化法）: 基本信息 + 4 条使用限量
2025-09-06 11:12:14,431 - INFO - 成功爬取添加剂 乙二胺四乙酸二钠: 基本信息 + 50 条使用限量
2025-09-06 11:12:17,396 - INFO - 成功爬取添加剂 乙二胺四乙酸二钠钙: 基本信息 + 16 条使用限量
2025-09-06 11:12:19,036 - INFO - 成功爬取添加剂 乙酸钠（又名醋酸钠）: 基本信息 + 24 条使用限量
2025-09-06 11:12:23,399 - INFO - 成功爬取添加剂 乙酰化单、双甘油脂肪酸酯: 基本信息 + 255 条使用限量
2025-09-06 11:12:29,324 - INFO - 成功爬取添加剂 乙酰化二淀粉磷酸酯: 基本信息 + 255 条使用限量
2025-09-06 11:12:29,325 - INFO - 添加剂进度: 260/290 完成，成功 260 个
2025-09-06 11:12:36,188 - INFO - 成功爬取添加剂 乙酰化双淀粉己二酸酯: 基本信息 + 255 条使用限量
2025-09-06 11:12:38,500 - INFO - 成功爬取添加剂 安赛蜜（又名乙酰磺胺酸钾）: 基本信息 + 96 条使用限量
2025-09-06 11:12:39,835 - INFO - 成功爬取添加剂 乙氧基喹: 基本信息 + 1 条使用限量
2025-09-06 11:12:49,130 - INFO - 成功爬取添加剂 D-异抗坏血酸及其钠盐（包括D-异抗坏血酸，D-异抗坏血酸钠）: 基本信息 + 261 条使用限量
2025-09-06 11:12:50,795 - INFO - 成功爬取添加剂 异构化乳糖: 基本信息 + 36 条使用限量
2025-09-06 11:12:54,789 - INFO - 成功爬取添加剂 异麦芽酮糖: 基本信息 + 62 条使用限量
2025-09-06 11:12:56,296 - INFO - 成功爬取添加剂 硬脂酸（又名十八烷酸）: 基本信息 + 10 条使用限量
2025-09-06 11:12:57,831 - INFO - 成功爬取添加剂 硬脂酸钙: 基本信息 + 5 条使用限量
2025-09-06 11:12:59,202 - INFO - 成功爬取添加剂 硬脂酸钾: 基本信息 + 6 条使用限量
2025-09-06 11:13:02,250 - INFO - 成功爬取添加剂 硬脂酸镁: 基本信息 + 16 条使用限量
2025-09-06 11:13:02,250 - INFO - 添加剂进度: 270/290 完成，成功 270 个
2025-09-06 11:13:04,227 - INFO - 成功爬取添加剂 硬脂酰乳酸钠，硬脂酰乳酸钙: 基本信息 + 50 条使用限量
2025-09-06 11:13:06,284 - INFO - 成功爬取添加剂 诱惑红及其铝色淀（包括诱惑红，诱惑红铝色淀）: 基本信息 + 74 条使用限量
2025-09-06 11:13:07,664 - INFO - 成功爬取添加剂 玉米黄: 基本信息 + 4 条使用限量
2025-09-06 11:13:09,050 - INFO - 成功爬取添加剂 越橘红: 基本信息 + 7 条使用限量
2025-09-06 11:13:10,608 - INFO - 成功爬取添加剂 藻蓝: 基本信息 + 12 条使用限量
2025-09-06 11:13:12,437 - INFO - 成功爬取添加剂 皂荚糖胶: 基本信息 + 53 条使用限量
2025-09-06 11:13:13,921 - INFO - 成功爬取添加剂 皂树皮提取物: 基本信息 + 14 条使用限量
2025-09-06 11:13:16,369 - INFO - 成功爬取添加剂 蔗糖脂肪酸酯: 基本信息 + 133 条使用限量
2025-09-06 11:13:18,431 - INFO - 成功爬取添加剂 栀子黄: 基本信息 + 88 条使用限量
2025-09-06 11:13:21,960 - INFO - 成功爬取添加剂 栀子蓝: 基本信息 + 71 条使用限量
2025-09-06 11:13:21,960 - INFO - 添加剂进度: 280/290 完成，成功 280 个
2025-09-06 11:13:23,732 - INFO - 成功爬取添加剂 植酸（又名肌醇六磷酸），植酸钠: 基本信息 + 48 条使用限量
2025-09-06 11:13:25,445 - INFO - 成功爬取添加剂 植物炭黑: 基本信息 + 48 条使用限量
2025-09-06 11:13:27,274 - INFO - 成功爬取添加剂 竹叶抗氧化物: 基本信息 + 51 条使用限量
2025-09-06 11:13:28,784 - INFO - 成功爬取添加剂 紫草红: 基本信息 + 19 条使用限量
2025-09-06 11:13:30,247 - INFO - 成功爬取添加剂 紫甘薯色素: 基本信息 + 11 条使用限量
2025-09-06 11:13:31,667 - INFO - 成功爬取添加剂 紫胶（又名虫胶）: 基本信息 + 9 条使用限量
2025-09-06 11:13:35,330 - INFO - 成功爬取添加剂 紫胶红（又名虫胶红）: 基本信息 + 34 条使用限量
2025-09-06 11:13:36,850 - INFO - 成功爬取添加剂 混合三烯生育酚浓缩物: 基本信息 + 3 条使用限量
2025-09-06 11:13:38,258 - INFO - 成功爬取添加剂 羟基酪醇: 基本信息 + 3 条使用限量
2025-09-06 11:13:39,661 - INFO - 成功爬取添加剂 氧化镁: 基本信息 + 1 条使用限量
2025-09-06 11:13:39,661 - INFO - 添加剂进度: 290/290 完成，成功 290 个
2025-09-06 11:13:40,661 - INFO - 开始获取食品分类列表...
2025-09-06 11:13:41,316 - INFO - 找到 369 个食品分类
2025-09-06 11:13:41,323 - INFO - 成功获取 369 个食品分类列表
2025-09-06 11:13:42,102 - INFO - 成功爬取分类 乳及乳制品（13.0特殊膳食用食品涉及品种除外）: 基本信息 + 81 个添加剂
2025-09-06 11:13:45,558 - INFO - 成功爬取分类 巴氏杀菌乳、灭菌乳、高温杀菌乳和调制乳: 基本信息 + 81 个添加剂
2025-09-06 11:13:51,135 - INFO - 成功爬取分类 巴氏杀菌乳: 基本信息 + 0 个添加剂
2025-09-06 11:13:52,687 - INFO - 成功爬取分类 灭菌乳和高温杀菌乳: 基本信息 + 0 个添加剂
2025-09-06 11:13:54,793 - INFO - 成功爬取分类 调制乳: 基本信息 + 106 个添加剂
2025-09-06 11:13:56,732 - INFO - 成功爬取分类 发酵乳和风味发酵乳: 基本信息 + 81 个添加剂
2025-09-06 11:13:58,235 - INFO - 成功爬取分类 发酵乳: 基本信息 + 0 个添加剂
2025-09-06 11:14:00,287 - INFO - 成功爬取分类 风味发酵乳: 基本信息 + 114 个添加剂
2025-09-06 11:14:03,785 - INFO - 成功爬取分类 乳粉和奶油粉及其调制产品: 基本信息 + 87 个添加剂
2025-09-06 11:14:05,419 - INFO - 成功爬取分类 乳粉和奶油粉: 基本信息 + 1 个添加剂
2025-09-06 11:14:05,419 - INFO - 分类进度: 10/369 完成，成功 10 个
2025-09-06 11:14:07,442 - INFO - 成功爬取分类 调制乳粉和调制奶油粉: 基本信息 + 100 个添加剂
2025-09-06 11:14:09,338 - INFO - 成功爬取分类 炼乳及其调制产品: 基本信息 + 83 个添加剂
2025-09-06 11:14:11,313 - INFO - 成功爬取分类 淡炼乳（原味）: 基本信息 + 83 个添加剂
2025-09-06 11:14:13,201 - INFO - 成功爬取分类 调制炼乳（包括加糖炼乳及使用了非乳原料的调制炼乳等）: 基本信息 + 93 个添加剂
2025-09-06 11:14:15,111 - INFO - 成功爬取分类 稀奶油（淡奶油）及其类似品: 基本信息 + 88 个添加剂
2025-09-06 11:14:16,709 - INFO - 成功爬取分类 稀奶油: 基本信息 + 23 个添加剂
2025-09-06 11:14:18,654 - INFO - 成功爬取分类 —: 基本信息 + 88 个添加剂
2025-09-06 11:14:20,617 - INFO - 成功爬取分类 调制稀奶油: 基本信息 + 94 个添加剂
2025-09-06 11:14:22,529 - INFO - 成功爬取分类 稀奶油类似品: 基本信息 + 91 个添加剂
2025-09-06 11:14:26,943 - INFO - 成功爬取分类 干酪、再制干酪、干酪制品及干酪类似品: 基本信息 + 89 个添加剂
2025-09-06 11:14:26,943 - INFO - 分类进度: 20/369 完成，成功 20 个
2025-09-06 11:14:33,554 - INFO - 成功爬取分类 非熟化干酪: 基本信息 + 92 个添加剂
2025-09-06 11:14:35,688 - INFO - 成功爬取分类 熟化干酪: 基本信息 + 91 个添加剂
2025-09-06 11:14:37,715 - INFO - 成功爬取分类 乳清干酪: 基本信息 + 89 个添加剂
2025-09-06 11:14:39,726 - INFO - 成功爬取分类 再制干酪及干酪制品: 基本信息 + 95 个添加剂
2025-09-06 11:14:41,801 - INFO - 成功爬取分类 普通再制干酪: 基本信息 + 95 个添加剂
2025-09-06 11:14:45,400 - INFO - 成功爬取分类 调味再制干酪: 基本信息 + 95 个添加剂
2025-09-06 11:14:50,113 - INFO - 成功爬取分类 干酪类似品: 基本信息 + 93 个添加剂
2025-09-06 11:14:52,170 - INFO - 成功爬取分类 乳清蛋白干酪: 基本信息 + 89 个添加剂
2025-09-06 11:14:54,133 - INFO - 成功爬取分类 以乳为主要配料的即食风味食品或其预制产品（不包括冰淇淋和风味发酵乳）: 基本信息 + 89 个添加剂
2025-09-06 11:14:56,021 - INFO - 成功爬取分类 其他乳制品（如乳清粉、酪蛋白粉等）: 基本信息 + 82 个添加剂
2025-09-06 11:14:56,021 - INFO - 分类进度: 30/369 完成，成功 30 个
2025-09-06 11:14:57,938 - INFO - 成功爬取分类 脂肪，油和乳化脂肪制品: 基本信息 + 87 个添加剂
2025-09-06 11:14:59,888 - INFO - 成功爬取分类 基本不含水的脂肪和油: 基本信息 + 92 个添加剂
2025-09-06 11:15:01,567 - INFO - 成功爬取分类 植物油脂: 基本信息 + 22 个添加剂
2025-09-06 11:15:04,786 - INFO - 成功爬取分类 植物油: 基本信息 + 21 个添加剂
2025-09-06 11:15:06,637 - INFO - 成功爬取分类 氢化植物油: 基本信息 + 29 个添加剂
2025-09-06 11:15:09,889 - INFO - 成功爬取分类 动物油脂（包括猪油、牛油、鱼油和其他动物脂肪等）: 基本信息 + 17 个添加剂
2025-09-06 11:15:11,607 - INFO - 成功爬取分类 无水黄油，无水乳脂: 基本信息 + 16 个添加剂
2025-09-06 11:15:16,366 - INFO - 成功爬取分类 水油状脂肪乳化制品: 基本信息 + 97 个添加剂
2025-09-06 11:15:18,478 - INFO - 成功爬取分类 脂肪含量80%以上的乳化制品: 基本信息 + 99 个添加剂
2025-09-06 11:15:21,547 - INFO - 成功爬取分类 黄油和浓缩黄油: 基本信息 + 8 个添加剂
2025-09-06 11:15:21,547 - INFO - 分类进度: 40/369 完成，成功 40 个
2025-09-06 11:15:23,875 - INFO - 成功爬取分类 人造黄油（人造奶油）及其类似制品（如黄油和人造黄油混合品）: 基本信息 + 102 个添加剂
2025-09-06 11:15:25,995 - INFO - 成功爬取分类 脂肪含量80%以下的乳化制品: 基本信息 + 98 个添加剂
2025-09-06 11:15:28,009 - INFO - 成功爬取分类 02.02类以外的脂肪乳化制品，包括混合的和（或）调味的脂肪乳化制品: 基本信息 + 99 个添加剂
2025-09-06 11:15:29,946 - INFO - 成功爬取分类 脂肪类甜品: 基本信息 + 92 个添加剂
2025-09-06 11:15:31,998 - INFO - 成功爬取分类 其他油脂或油脂制品: 基本信息 + 94 个添加剂
2025-09-06 11:15:34,004 - INFO - 成功爬取分类 冷冻饮品: 基本信息 + 140 个添加剂
2025-09-06 11:15:37,910 - INFO - 成功爬取分类 冰淇淋、雪糕类: 基本信息 + 150 个添加剂
2025-09-06 11:15:40,309 - INFO - 成功爬取分类 —: 基本信息 + 140 个添加剂
2025-09-06 11:15:42,675 - INFO - 成功爬取分类 风味冰、冰棍类: 基本信息 + 142 个添加剂
2025-09-06 11:15:44,461 - INFO - 成功爬取分类 食用冰: 基本信息 + 76 个添加剂
2025-09-06 11:15:44,462 - INFO - 分类进度: 50/369 完成，成功 50 个
2025-09-06 11:15:48,402 - INFO - 成功爬取分类 其他冷冻饮品: 基本信息 + 140 个添加剂
2025-09-06 11:15:50,215 - INFO - 成功爬取分类 水果、蔬菜（包括块根类）、豆类、食用菌、藻类、坚果以及籽类等: 基本信息 + 77 个添加剂
2025-09-06 11:15:51,846 - INFO - 成功爬取分类 水果: 基本信息 + 77 个添加剂
2025-09-06 11:15:53,326 - INFO - 成功爬取分类 新鲜水果: 基本信息 + 2 个添加剂
2025-09-06 11:15:54,874 - INFO - 成功爬取分类 未经加工的鲜水果: 基本信息 + 1 个添加剂
2025-09-06 11:15:56,523 - INFO - 成功爬取分类 经表面处理的鲜水果: 基本信息 + 18 个添加剂
2025-09-06 11:15:58,072 - INFO - 成功爬取分类 去皮或预切的鲜水果: 基本信息 + 3 个添加剂
2025-09-06 11:15:59,909 - INFO - 成功爬取分类 加工水果: 基本信息 + 81 个添加剂
2025-09-06 11:16:01,801 - INFO - 成功爬取分类 冷冻水果: 基本信息 + 83 个添加剂
2025-09-06 11:16:03,703 - INFO - 成功爬取分类 水果干类: 基本信息 + 89 个添加剂
2025-09-06 11:16:03,703 - INFO - 分类进度: 60/369 完成，成功 60 个
2025-09-06 11:16:05,584 - INFO - 成功爬取分类 醋、油或盐渍水果: 基本信息 + 85 个添加剂
2025-09-06 11:16:07,528 - INFO - 成功爬取分类 水果罐头: 基本信息 + 95 个添加剂
2025-09-06 11:16:09,595 - INFO - 成功爬取分类 果酱: 基本信息 + 127 个添加剂
2025-09-06 11:16:13,043 - INFO - 成功爬取分类 果泥: 基本信息 + 84 个添加剂
2025-09-06 11:16:15,083 - INFO - 成功爬取分类 除04.01.02.05以外的果酱（如印度酸辣酱）: 基本信息 + 85 个添加剂
2025-09-06 11:16:18,665 - INFO - 成功爬取分类 蜜饯: 基本信息 + 102 个添加剂
2025-09-06 11:16:20,921 - INFO - 成功爬取分类 蜜饯类、凉果类: 基本信息 + 110 个添加剂
2025-09-06 11:16:28,154 - INFO - 成功爬取分类 —: 基本信息 + 102 个添加剂
2025-09-06 11:16:30,461 - INFO - 成功爬取分类 果脯类: 基本信息 + 103 个添加剂
2025-09-06 11:16:34,233 - INFO - 成功爬取分类 话化类: 基本信息 + 104 个添加剂
2025-09-06 11:16:34,233 - INFO - 分类进度: 70/369 完成，成功 70 个
2025-09-06 11:16:36,454 - INFO - 成功爬取分类 果糕类: 基本信息 + 104 个添加剂
2025-09-06 11:16:38,490 - INFO - 成功爬取分类 装饰性果蔬: 基本信息 + 97 个添加剂
2025-09-06 11:16:43,075 - INFO - 成功爬取分类 水果甜品，包括果味液体甜品: 基本信息 + 85 个添加剂
2025-09-06 11:16:45,145 - INFO - 成功爬取分类 发酵的水果制品: 基本信息 + 85 个添加剂
2025-09-06 11:16:47,145 - INFO - 成功爬取分类 煮熟的或油炸的水果: 基本信息 + 84 个添加剂
2025-09-06 11:16:50,705 - INFO - 成功爬取分类 其他加工水果: 基本信息 + 81 个添加剂
2025-09-06 11:16:52,608 - INFO - 成功爬取分类 蔬菜: 基本信息 + 77 个添加剂
2025-09-06 11:16:54,115 - INFO - 成功爬取分类 新鲜蔬菜: 基本信息 + 2 个添加剂
2025-09-06 11:16:55,624 - INFO - 成功爬取分类 未经加工鲜蔬菜: 基本信息 + 0 个添加剂
2025-09-06 11:16:57,176 - INFO - 成功爬取分类 经表面处理的新鲜蔬菜: 基本信息 + 8 个添加剂
2025-09-06 11:16:57,176 - INFO - 分类进度: 80/369 完成，成功 80 个
2025-09-06 11:16:58,773 - INFO - 成功爬取分类 去皮、切块或切丝的蔬菜: 基本信息 + 3 个添加剂
2025-09-06 11:17:00,226 - INFO - 成功爬取分类 芽菜类: 基本信息 + 0 个添加剂
2025-09-06 11:17:02,084 - INFO - 成功爬取分类 加工蔬菜: 基本信息 + 79 个添加剂
2025-09-06 11:17:03,575 - INFO - 成功爬取分类 冷冻蔬菜: 基本信息 + 1 个添加剂
2025-09-06 11:17:05,500 - INFO - 成功爬取分类 干制蔬菜: 基本信息 + 84 个添加剂
2025-09-06 11:17:10,172 - INFO - 成功爬取分类 腌渍的蔬菜: 基本信息 + 112 个添加剂
2025-09-06 11:17:16,263 - INFO - 成功爬取分类 蔬菜罐头: 基本信息 + 88 个添加剂
2025-09-06 11:17:18,307 - INFO - 成功爬取分类 蔬菜泥（酱），番茄沙司除外: 基本信息 + 83 个添加剂
2025-09-06 11:17:19,836 - INFO - 成功爬取分类 发酵蔬菜制品: 基本信息 + 2 个添加剂
2025-09-06 11:17:21,769 - INFO - 成功爬取分类 经水煮或油炸的蔬菜: 基本信息 + 81 个添加剂
2025-09-06 11:17:21,769 - INFO - 分类进度: 90/369 完成，成功 90 个
2025-09-06 11:17:23,708 - INFO - 成功爬取分类 其他加工蔬菜: 基本信息 + 82 个添加剂
2025-09-06 11:17:25,518 - INFO - 成功爬取分类 食用菌和藻类: 基本信息 + 77 个添加剂
2025-09-06 11:17:27,014 - INFO - 成功爬取分类 新鲜食用菌和藻类: 基本信息 + 0 个添加剂
2025-09-06 11:17:28,469 - INFO - 成功爬取分类 未经加工鲜食用菌和藻类: 基本信息 + 0 个添加剂
2025-09-06 11:17:29,955 - INFO - 成功爬取分类 经表面处理的鲜食用菌和藻类: 基本信息 + 1 个添加剂
2025-09-06 11:17:31,437 - INFO - 成功爬取分类 去皮、切块或切丝的食用菌和藻类: 基本信息 + 0 个添加剂
2025-09-06 11:17:33,258 - INFO - 成功爬取分类 加工食用菌和藻类: 基本信息 + 81 个添加剂
2025-09-06 11:17:34,797 - INFO - 成功爬取分类 冷冻食用菌和藻类: 基本信息 + 1 个添加剂
2025-09-06 11:17:36,675 - INFO - 成功爬取分类 干制食用菌和藻类: 基本信息 + 82 个添加剂
2025-09-06 11:17:38,573 - INFO - 成功爬取分类 腌渍的食用菌和藻类: 基本信息 + 92 个添加剂
2025-09-06 11:17:38,574 - INFO - 分类进度: 100/369 完成，成功 100 个
2025-09-06 11:17:40,547 - INFO - 成功爬取分类 食用菌和藻类罐头: 基本信息 + 83 个添加剂
2025-09-06 11:17:42,417 - INFO - 成功爬取分类 经水煮或油炸的藻类: 基本信息 + 84 个添加剂
2025-09-06 11:17:44,248 - INFO - 成功爬取分类 其他加工食用菌和藻类: 基本信息 + 85 个添加剂
2025-09-06 11:17:46,085 - INFO - 成功爬取分类 豆类制品: 基本信息 + 86 个添加剂
2025-09-06 11:17:47,955 - INFO - 成功爬取分类 非发酵豆制品: 基本信息 + 86 个添加剂
2025-09-06 11:17:52,440 - INFO - 成功爬取分类 豆腐类: 基本信息 + 87 个添加剂
2025-09-06 11:17:56,877 - INFO - 成功爬取分类 豆干类: 基本信息 + 91 个添加剂
2025-09-06 11:18:01,605 - INFO - 成功爬取分类 豆干再制品: 基本信息 + 91 个添加剂
2025-09-06 11:18:03,805 - INFO - 成功爬取分类 炸制豆干: 基本信息 + 91 个添加剂
2025-09-06 11:18:05,863 - INFO - 成功爬取分类 卤制豆干: 基本信息 + 92 个添加剂
2025-09-06 11:18:05,864 - INFO - 分类进度: 110/369 完成，成功 110 个
2025-09-06 11:18:07,875 - INFO - 成功爬取分类 熏制豆干: 基本信息 + 91 个添加剂
2025-09-06 11:18:09,936 - INFO - 成功爬取分类 其他豆干: 基本信息 + 91 个添加剂
2025-09-06 11:18:13,386 - INFO - 成功爬取分类 腐竹类（包括腐竹、油皮等）: 基本信息 + 87 个添加剂
2025-09-06 11:18:15,530 - INFO - 成功爬取分类 新型豆制品（大豆蛋白及其膨化食品、大豆素肉等）: 基本信息 + 94 个添加剂
2025-09-06 11:18:17,594 - INFO - 成功爬取分类 熟制豆类: 基本信息 + 94 个添加剂
2025-09-06 11:18:21,170 - INFO - 成功爬取分类 发酵豆制品: 基本信息 + 88 个添加剂
2025-09-06 11:18:23,260 - INFO - 成功爬取分类 腐乳类: 基本信息 + 91 个添加剂
2025-09-06 11:18:25,282 - INFO - 成功爬取分类 豆豉及其制品（包括纳豆）: 基本信息 + 88 个添加剂
2025-09-06 11:18:28,835 - INFO - 成功爬取分类 其他豆制品: 基本信息 + 87 个添加剂
2025-09-06 11:18:30,885 - INFO - 成功爬取分类 坚果和籽类: 基本信息 + 77 个添加剂
2025-09-06 11:18:30,886 - INFO - 分类进度: 120/369 完成，成功 120 个
2025-09-06 11:18:32,778 - INFO - 成功爬取分类 新鲜坚果与籽类: 基本信息 + 77 个添加剂
2025-09-06 11:18:36,421 - INFO - 成功爬取分类 加工坚果与籽类: 基本信息 + 90 个添加剂
2025-09-06 11:18:40,655 - INFO - 成功爬取分类 熟制坚果与籽类: 基本信息 + 117 个添加剂
2025-09-06 11:18:42,979 - INFO - 成功爬取分类 带壳熟制坚果与籽类: 基本信息 + 119 个添加剂
2025-09-06 11:18:45,209 - INFO - 成功爬取分类 脱壳熟制坚果与籽类: 基本信息 + 119 个添加剂
2025-09-06 11:18:47,244 - INFO - 成功爬取分类 —: 基本信息 + 90 个添加剂
2025-09-06 11:18:49,254 - INFO - 成功爬取分类 坚果与籽类罐头: 基本信息 + 97 个添加剂
2025-09-06 11:18:56,943 - INFO - 成功爬取分类 坚果与籽类的泥（酱），包括花生酱等: 基本信息 + 91 个添加剂
2025-09-06 11:18:59,230 - INFO - 成功爬取分类 其他加工的坚果与籽类（如腌渍的果仁）: 基本信息 + 90 个添加剂
2025-09-06 11:19:01,238 - INFO - 成功爬取分类 可可制品、巧克力和巧克力制品（包括代可可脂巧克力及制品）以及糖果: 基本信息 + 106 个添加剂
2025-09-06 11:19:01,238 - INFO - 分类进度: 130/369 完成，成功 130 个
2025-09-06 11:19:03,311 - INFO - 成功爬取分类 可可制品、巧克力和巧克力制品,包括代可可脂巧克力及制品: 基本信息 + 117 个添加剂
2025-09-06 11:19:05,454 - INFO - 成功爬取分类 可可制品（包括以可可为主要原料的脂、粉、浆、酱、馅等）: 基本信息 + 114 个添加剂
2025-09-06 11:19:07,655 - INFO - 成功爬取分类 巧克力和巧克力制品、除05.01.01以外的可可制品: 基本信息 + 121 个添加剂
2025-09-06 11:19:09,816 - INFO - 成功爬取分类 代可可脂巧克力及其制品: 基本信息 + 120 个添加剂
2025-09-06 11:19:11,961 - INFO - 成功爬取分类 糖果: 基本信息 + 147 个添加剂
2025-09-06 11:19:15,860 - INFO - 成功爬取分类 胶基糖果: 基本信息 + 165 个添加剂
2025-09-06 11:19:19,905 - INFO - 成功爬取分类 除胶基糖果以外的其他糖果: 基本信息 + 159 个添加剂
2025-09-06 11:19:22,240 - INFO - 成功爬取分类 糖果和巧克力制品包衣: 基本信息 + 117 个添加剂
2025-09-06 11:19:26,176 - INFO - 成功爬取分类 装饰糖果（如工艺造型，或用于蛋糕装饰）、顶饰（非水果材料）和甜汁: 基本信息 + 114 个添加剂
2025-09-06 11:19:28,147 - INFO - 成功爬取分类 粮食和粮食制品，包括大米、面粉、杂粮、块根植物、豆类和玉米提取的淀粉等（不包括07.0类焙烤制品）: 基本信息 + 76 个添加剂
2025-09-06 11:19:28,147 - INFO - 分类进度: 140/369 完成，成功 140 个
2025-09-06 11:19:31,194 - INFO - 成功爬取分类 原粮: 基本信息 + 3 个添加剂
2025-09-06 11:19:32,768 - INFO - 成功爬取分类 大米及其制品: 基本信息 + 1 个添加剂
2025-09-06 11:19:34,342 - INFO - 成功爬取分类 大米: 基本信息 + 1 个添加剂
2025-09-06 11:19:35,888 - INFO - 成功爬取分类 大米制品: 基本信息 + 4 个添加剂
2025-09-06 11:19:37,410 - INFO - 成功爬取分类 米粉（包括汤圆粉等）: 基本信息 + 2 个添加剂
2025-09-06 11:19:38,992 - INFO - 成功爬取分类 米粉制品: 基本信息 + 1 个添加剂
2025-09-06 11:19:42,421 - INFO - 成功爬取分类 小麦粉及其制品: 基本信息 + 79 个添加剂
2025-09-06 11:19:44,015 - INFO - 成功爬取分类 小麦粉: 基本信息 + 4 个添加剂
2025-09-06 11:19:45,743 - INFO - 成功爬取分类 通用小麦粉: 基本信息 + 4 个添加剂
2025-09-06 11:19:47,344 - INFO - 成功爬取分类 专用小麦粉（如自发粉、饺子粉等）: 基本信息 + 8 个添加剂
2025-09-06 11:19:47,344 - INFO - 分类进度: 150/369 完成，成功 150 个
2025-09-06 11:19:49,256 - INFO - 成功爬取分类 小麦粉制品: 基本信息 + 83 个添加剂
2025-09-06 11:19:50,977 - INFO - 成功爬取分类 生湿面制品（如面条、饺子皮、馄饨皮、烧麦皮）: 基本信息 + 26 个添加剂
2025-09-06 11:19:54,177 - INFO - 成功爬取分类 生干面制品: 基本信息 + 17 个添加剂
2025-09-06 11:19:56,250 - INFO - 成功爬取分类 发酵面制品: 基本信息 + 86 个添加剂
2025-09-06 11:19:58,151 - INFO - 成功爬取分类 —: 基本信息 + 83 个添加剂
2025-09-06 11:20:00,197 - INFO - 成功爬取分类 油炸面制品: 基本信息 + 99 个添加剂
2025-09-06 11:20:02,084 - INFO - 成功爬取分类 其他小麦粉制品（如面筋等）: 基本信息 + 83 个添加剂
2025-09-06 11:20:03,877 - INFO - 成功爬取分类 杂粮粉及其制品: 基本信息 + 76 个添加剂
2025-09-06 11:20:05,356 - INFO - 成功爬取分类 杂粮粉: 基本信息 + 3 个添加剂
2025-09-06 11:20:07,185 - INFO - 成功爬取分类 杂粮制品: 基本信息 + 78 个添加剂
2025-09-06 11:20:07,185 - INFO - 分类进度: 160/369 完成，成功 160 个
2025-09-06 11:20:09,114 - INFO - 成功爬取分类 杂粮罐头: 基本信息 + 87 个添加剂
2025-09-06 11:20:11,054 - INFO - 成功爬取分类 其他杂粮制品: 基本信息 + 88 个添加剂
2025-09-06 11:20:12,852 - INFO - 成功爬取分类 淀粉及淀粉类制品: 基本信息 + 77 个添加剂
2025-09-06 11:20:14,633 - INFO - 成功爬取分类 食用淀粉: 基本信息 + 81 个添加剂
2025-09-06 11:20:16,475 - INFO - 成功爬取分类 淀粉制品: 基本信息 + 79 个添加剂
2025-09-06 11:20:18,347 - INFO - 成功爬取分类 粉丝、粉条: 基本信息 + 82 个添加剂
2025-09-06 11:20:20,224 - INFO - 成功爬取分类 虾味片: 基本信息 + 84 个添加剂
2025-09-06 11:20:22,147 - INFO - 成功爬取分类 藕粉: 基本信息 + 79 个添加剂
2025-09-06 11:20:24,058 - INFO - 成功爬取分类 粉圆: 基本信息 + 92 个添加剂
2025-09-06 11:20:25,921 - INFO - 成功爬取分类 其他淀粉制品（如凉粉等）: 基本信息 + 79 个添加剂
2025-09-06 11:20:25,921 - INFO - 分类进度: 170/369 完成，成功 170 个
2025-09-06 11:20:27,847 - INFO - 成功爬取分类 即食谷物，包括碾轧燕麦（片）: 基本信息 + 101 个添加剂
2025-09-06 11:20:29,833 - INFO - 成功爬取分类 方便米面制品: 基本信息 + 119 个添加剂
2025-09-06 11:20:31,659 - INFO - 成功爬取分类 冷冻米面制品: 基本信息 + 85 个添加剂
2025-09-06 11:20:33,423 - INFO - 成功爬取分类 谷类和淀粉类甜品（如米布丁、木薯布丁）: 基本信息 + 85 个添加剂
2025-09-06 11:20:35,248 - INFO - 成功爬取分类 粮食制品馅料: 基本信息 + 85 个添加剂
2025-09-06 11:20:38,699 - INFO - 成功爬取分类 面糊（如用于鱼和禽肉的拖面糊）、裹粉、煎炸粉: 基本信息 + 96 个添加剂
2025-09-06 11:20:40,602 - INFO - 成功爬取分类 其他粮食制品: 基本信息 + 76 个添加剂
2025-09-06 11:20:42,588 - INFO - 成功爬取分类 焙烤食品: 基本信息 + 107 个添加剂
2025-09-06 11:20:44,798 - INFO - 成功爬取分类 面包: 基本信息 + 128 个添加剂
2025-09-06 11:20:47,032 - INFO - 成功爬取分类 糕点: 基本信息 + 143 个添加剂
2025-09-06 11:20:47,032 - INFO - 分类进度: 180/369 完成，成功 180 个
2025-09-06 11:20:49,310 - INFO - 成功爬取分类 中式糕点（月饼除外）: 基本信息 + 143 个添加剂
2025-09-06 11:20:57,446 - INFO - 成功爬取分类 西式糕点: 基本信息 + 143 个添加剂
2025-09-06 11:21:00,043 - INFO - 成功爬取分类 月饼: 基本信息 + 143 个添加剂
2025-09-06 11:21:02,534 - INFO - 成功爬取分类 糕点上彩装: 基本信息 + 160 个添加剂
2025-09-06 11:21:04,731 - INFO - 成功爬取分类 饼干: 基本信息 + 139 个添加剂
2025-09-06 11:21:07,048 - INFO - 成功爬取分类 夹心及装饰类饼干: 基本信息 + 139 个添加剂
2025-09-06 11:21:10,964 - INFO - 成功爬取分类 威化饼干: 基本信息 + 140 个添加剂
2025-09-06 11:21:15,450 - INFO - 成功爬取分类 蛋卷: 基本信息 + 141 个添加剂
2025-09-06 11:21:20,632 - INFO - 成功爬取分类 其他饼干: 基本信息 + 139 个添加剂
2025-09-06 11:21:22,984 - INFO - 成功爬取分类 焙烤食品馅料及表面用挂浆: 基本信息 + 138 个添加剂
2025-09-06 11:21:22,984 - INFO - 分类进度: 190/369 完成，成功 190 个
2025-09-06 11:21:27,192 - INFO - 成功爬取分类 其他焙烤食品: 基本信息 + 111 个添加剂
2025-09-06 11:21:29,138 - INFO - 成功爬取分类 肉及肉制品: 基本信息 + 79 个添加剂
2025-09-06 11:21:30,606 - INFO - 成功爬取分类 生、鲜肉: 基本信息 + 0 个添加剂
2025-09-06 11:21:32,112 - INFO - 成功爬取分类 生鲜肉: 基本信息 + 0 个添加剂
2025-09-06 11:21:33,612 - INFO - 成功爬取分类 冷却肉、冰鲜肉: 基本信息 + 0 个添加剂
2025-09-06 11:21:35,161 - INFO - 成功爬取分类 冻肉: 基本信息 + 0 个添加剂
2025-09-06 11:21:37,078 - INFO - 成功爬取分类 预制肉制品: 基本信息 + 89 个添加剂
2025-09-06 11:21:39,075 - INFO - 成功爬取分类 调理肉制品（生肉添加调理料）: 基本信息 + 97 个添加剂
2025-09-06 11:21:41,134 - INFO - 成功爬取分类 腌腊肉制品类（如咸肉、腊肉、板鸭、中式火腿、腊肠）: 基本信息 + 106 个添加剂
2025-09-06 11:21:43,088 - INFO - 成功爬取分类 肉丸类: 基本信息 + 89 个添加剂
2025-09-06 11:21:43,089 - INFO - 分类进度: 200/369 完成，成功 200 个
2025-09-06 11:21:45,054 - INFO - 成功爬取分类 其他预制肉制品: 基本信息 + 89 个添加剂
2025-09-06 11:21:47,001 - INFO - 成功爬取分类 熟肉制品: 基本信息 + 99 个添加剂
2025-09-06 11:21:50,609 - INFO - 成功爬取分类 酱卤肉制品类: 基本信息 + 107 个添加剂
2025-09-06 11:21:52,814 - INFO - 成功爬取分类 白煮肉类: 基本信息 + 107 个添加剂
2025-09-06 11:21:55,028 - INFO - 成功爬取分类 酱卤肉类: 基本信息 + 108 个添加剂
2025-09-06 11:21:57,133 - INFO - 成功爬取分类 糟肉类: 基本信息 + 107 个添加剂
2025-09-06 11:21:59,234 - INFO - 成功爬取分类 熏、烧、烤肉类（熏肉、叉烧肉、烤鸭、肉脯等）: 基本信息 + 110 个添加剂
2025-09-06 11:22:01,297 - INFO - 成功爬取分类 油炸肉类: 基本信息 + 109 个添加剂
2025-09-06 11:22:04,892 - INFO - 成功爬取分类 西式火腿（熏烤、烟熏、蒸煮火腿）类: 基本信息 + 112 个添加剂
2025-09-06 11:22:07,183 - INFO - 成功爬取分类 肉灌肠类: 基本信息 + 123 个添加剂
2025-09-06 11:22:07,183 - INFO - 分类进度: 210/369 完成，成功 210 个
2025-09-06 11:22:09,207 - INFO - 成功爬取分类 发酵肉制品类: 基本信息 + 107 个添加剂
2025-09-06 11:22:11,260 - INFO - 成功爬取分类 熟肉干制品: 基本信息 + 99 个添加剂
2025-09-06 11:22:13,282 - INFO - 成功爬取分类 肉松类: 基本信息 + 99 个添加剂
2025-09-06 11:22:15,264 - INFO - 成功爬取分类 肉干类: 基本信息 + 99 个添加剂
2025-09-06 11:22:18,920 - INFO - 成功爬取分类 —: 基本信息 + 99 个添加剂
2025-09-06 11:22:20,969 - INFO - 成功爬取分类 肉罐头类: 基本信息 + 97 个添加剂
2025-09-06 11:22:23,059 - INFO - 成功爬取分类 其他熟肉制品: 基本信息 + 100 个添加剂
2025-09-06 11:22:24,895 - INFO - 成功爬取分类 肉制品的可食用动物肠衣类: 基本信息 + 82 个添加剂
2025-09-06 11:22:26,771 - INFO - 成功爬取分类 水产及其制品（包括鱼类、甲壳类、贝类、软体类、棘皮类等水产及其加工制品等）: 基本信息 + 81 个添加剂
2025-09-06 11:22:28,220 - INFO - 成功爬取分类 鲜水产: 基本信息 + 3 个添加剂
2025-09-06 11:22:28,220 - INFO - 分类进度: 220/369 完成，成功 220 个
2025-09-06 11:22:30,058 - INFO - 成功爬取分类 冷冻水产品及其制品: 基本信息 + 82 个添加剂
2025-09-06 11:22:31,991 - INFO - 成功爬取分类 冷冻水产品: 基本信息 + 83 个添加剂
2025-09-06 11:22:33,922 - INFO - 成功爬取分类 冷冻挂浆制品: 基本信息 + 85 个添加剂
2025-09-06 11:22:35,832 - INFO - 成功爬取分类 冷冻水产糜及其制品（包括冷冻丸类产品等）: 基本信息 + 93 个添加剂
2025-09-06 11:22:37,299 - INFO - 成功爬取分类 预制水产品（半成品）: 基本信息 + 8 个添加剂
2025-09-06 11:22:40,515 - INFO - 成功爬取分类 醋渍或肉冻状水产品: 基本信息 + 8 个添加剂
2025-09-06 11:22:42,152 - INFO - 成功爬取分类 腌制水产品: 基本信息 + 10 个添加剂
2025-09-06 11:22:43,724 - INFO - 成功爬取分类 鱼子制品: 基本信息 + 12 个添加剂
2025-09-06 11:22:45,366 - INFO - 成功爬取分类 风干、烘干、压干等水产品: 基本信息 + 12 个添加剂
2025-09-06 11:22:46,922 - INFO - 成功爬取分类 其他预制水产品（如鱼肉饺皮）: 基本信息 + 8 个添加剂
2025-09-06 11:22:46,922 - INFO - 分类进度: 230/369 完成，成功 230 个
2025-09-06 11:22:48,896 - INFO - 成功爬取分类 熟制水产品（可直接食用）: 基本信息 + 90 个添加剂
2025-09-06 11:22:52,588 - INFO - 成功爬取分类 熟干水产品: 基本信息 + 91 个添加剂
2025-09-06 11:22:56,330 - INFO - 成功爬取分类 经烹调或油炸的水产品: 基本信息 + 94 个添加剂
2025-09-06 11:22:58,467 - INFO - 成功爬取分类 熏、烤水产品: 基本信息 + 93 个添加剂
2025-09-06 11:23:00,498 - INFO - 成功爬取分类 发酵水产品: 基本信息 + 90 个添加剂
2025-09-06 11:23:03,991 - INFO - 成功爬取分类 鱼肉灌肠类: 基本信息 + 90 个添加剂
2025-09-06 11:23:06,010 - INFO - 成功爬取分类 水产品罐头: 基本信息 + 85 个添加剂
2025-09-06 11:23:09,519 - INFO - 成功爬取分类 其他水产品及其制品: 基本信息 + 82 个添加剂
2025-09-06 11:23:11,408 - INFO - 成功爬取分类 蛋及蛋制品: 基本信息 + 76 个添加剂
2025-09-06 11:23:12,910 - INFO - 成功爬取分类 鲜蛋: 基本信息 + 2 个添加剂
2025-09-06 11:23:12,910 - INFO - 分类进度: 240/369 完成，成功 240 个
2025-09-06 11:23:14,814 - INFO - 成功爬取分类 再制蛋（不改变物理性状）: 基本信息 + 76 个添加剂
2025-09-06 11:23:16,699 - INFO - 成功爬取分类 卤蛋: 基本信息 + 78 个添加剂
2025-09-06 11:23:18,603 - INFO - 成功爬取分类 糟蛋: 基本信息 + 76 个添加剂
2025-09-06 11:23:20,486 - INFO - 成功爬取分类 皮蛋: 基本信息 + 76 个添加剂
2025-09-06 11:23:22,423 - INFO - 成功爬取分类 咸蛋: 基本信息 + 76 个添加剂
2025-09-06 11:23:24,262 - INFO - 成功爬取分类 其他再制蛋: 基本信息 + 77 个添加剂
2025-09-06 11:23:26,051 - INFO - 成功爬取分类 蛋制品（改变其物理性状）: 基本信息 + 81 个添加剂
2025-09-06 11:23:27,518 - INFO - 成功爬取分类 脱水蛋制品（如蛋白粉、蛋黄粉、蛋白片）: 基本信息 + 1 个添加剂
2025-09-06 11:23:29,383 - INFO - 成功爬取分类 热凝固蛋制品（如蛋黄酪、皮蛋肠）: 基本信息 + 83 个添加剂
2025-09-06 11:23:30,882 - INFO - 成功爬取分类 蛋液与液态蛋: 基本信息 + 0 个添加剂
2025-09-06 11:23:30,882 - INFO - 分类进度: 250/369 完成，成功 250 个
2025-09-06 11:23:32,704 - INFO - 成功爬取分类 其他蛋制品: 基本信息 + 81 个添加剂
2025-09-06 11:23:34,490 - INFO - 成功爬取分类 甜味料，包括蜂蜜: 基本信息 + 76 个添加剂
2025-09-06 11:23:35,940 - INFO - 成功爬取分类 食糖: 基本信息 + 4 个添加剂
2025-09-06 11:23:37,432 - INFO - 成功爬取分类 白砂糖及白砂糖制品、绵白糖、红糖、冰片糖: 基本信息 + 5 个添加剂
2025-09-06 11:23:38,945 - INFO - 成功爬取分类 赤砂糖、原糖、其他糖和糖浆: 基本信息 + 11 个添加剂
2025-09-06 11:23:40,801 - INFO - 成功爬取分类 淀粉糖（食用葡萄糖、低聚异麦芽糖、果葡糖浆、麦芽糖、麦芽糊精、葡萄糖浆等）: 基本信息 + 79 个添加剂
2025-09-06 11:23:42,612 - INFO - 成功爬取分类 蜂蜜及花粉: 基本信息 + 76 个添加剂
2025-09-06 11:23:44,059 - INFO - 成功爬取分类 蜂蜜: 基本信息 + 0 个添加剂
2025-09-06 11:23:45,892 - INFO - 成功爬取分类 花粉: 基本信息 + 76 个添加剂
2025-09-06 11:23:49,261 - INFO - 成功爬取分类 餐桌甜味料: 基本信息 + 88 个添加剂
2025-09-06 11:23:49,261 - INFO - 分类进度: 260/369 完成，成功 260 个
2025-09-06 11:23:51,342 - INFO - 成功爬取分类 调味糖浆: 基本信息 + 98 个添加剂
2025-09-06 11:23:53,446 - INFO - 成功爬取分类 水果调味糖浆: 基本信息 + 102 个添加剂
2025-09-06 11:23:55,569 - INFO - 成功爬取分类 其他调味糖浆: 基本信息 + 100 个添加剂
2025-09-06 11:23:57,385 - INFO - 成功爬取分类 其他甜味料: 基本信息 + 78 个添加剂
2025-09-06 11:23:59,238 - INFO - 成功爬取分类 调味品: 基本信息 + 96 个添加剂
2025-09-06 11:24:00,690 - INFO - 成功爬取分类 盐及代盐制品: 基本信息 + 7 个添加剂
2025-09-06 11:24:02,633 - INFO - 成功爬取分类 鲜味剂和助鲜剂: 基本信息 + 96 个添加剂
2025-09-06 11:24:04,677 - INFO - 成功爬取分类 食醋: 基本信息 + 106 个添加剂
2025-09-06 11:24:06,667 - INFO - 成功爬取分类 酱油: 基本信息 + 105 个添加剂
2025-09-06 11:24:08,657 - INFO - 成功爬取分类 酿造酱: 基本信息 + 107 个添加剂
2025-09-06 11:24:08,657 - INFO - 分类进度: 270/369 完成，成功 270 个
2025-09-06 11:24:10,606 - INFO - 成功爬取分类 —: 基本信息 + 96 个添加剂
2025-09-06 11:24:12,570 - INFO - 成功爬取分类 料酒及制品: 基本信息 + 97 个添加剂
2025-09-06 11:24:14,516 - INFO - 成功爬取分类 —: 基本信息 + 96 个添加剂
2025-09-06 11:24:16,043 - INFO - 成功爬取分类 香辛料类: 基本信息 + 9 个添加剂
2025-09-06 11:24:17,685 - INFO - 成功爬取分类 香辛料及粉: 基本信息 + 14 个添加剂
2025-09-06 11:24:19,247 - INFO - 成功爬取分类 香辛料油: 基本信息 + 10 个添加剂
2025-09-06 11:24:22,323 - INFO - 成功爬取分类 香辛料酱（如芥末酱、青芥酱）: 基本信息 + 13 个添加剂
2025-09-06 11:24:23,997 - INFO - 成功爬取分类 其他香辛料加工品: 基本信息 + 8 个添加剂
2025-09-06 11:24:28,527 - INFO - 成功爬取分类 复合调味料: 基本信息 + 129 个添加剂
2025-09-06 11:24:32,575 - INFO - 成功爬取分类 固体复合调味料: 基本信息 + 141 个添加剂
2025-09-06 11:24:32,575 - INFO - 分类进度: 280/369 完成，成功 280 个
2025-09-06 11:24:35,126 - INFO - 成功爬取分类 固体汤料: 基本信息 + 143 个添加剂
2025-09-06 11:24:37,513 - INFO - 成功爬取分类 鸡精、鸡粉: 基本信息 + 142 个添加剂
2025-09-06 11:24:40,333 - INFO - 成功爬取分类 其他固体复合调味料: 基本信息 + 141 个添加剂
2025-09-06 11:24:44,486 - INFO - 成功爬取分类 半固体复合调味料: 基本信息 + 148 个添加剂
2025-09-06 11:24:47,374 - INFO - 成功爬取分类 蛋黄酱、沙拉酱: 基本信息 + 153 个添加剂
2025-09-06 11:24:49,934 - INFO - 成功爬取分类 调味酱: 基本信息 + 151 个添加剂
2025-09-06 11:24:53,978 - INFO - 成功爬取分类 —: 基本信息 + 148 个添加剂
2025-09-06 11:24:56,585 - INFO - 成功爬取分类 其他半固体复合调味料: 基本信息 + 149 个添加剂
2025-09-06 11:24:59,079 - INFO - 成功爬取分类 液体复合调味料: 基本信息 + 141 个添加剂
2025-09-06 11:25:03,557 - INFO - 成功爬取分类 浓缩汤: 基本信息 + 141 个添加剂
2025-09-06 11:25:03,557 - INFO - 分类进度: 290/369 完成，成功 290 个
2025-09-06 11:25:06,395 - INFO - 成功爬取分类 肉汤、骨汤: 基本信息 + 141 个添加剂
2025-09-06 11:25:08,915 - INFO - 成功爬取分类 调味汁: 基本信息 + 141 个添加剂
2025-09-06 11:25:11,463 - INFO - 成功爬取分类 蚝油、虾油、鱼露等: 基本信息 + 141 个添加剂
2025-09-06 11:25:13,961 - INFO - 成功爬取分类 其他液体复合调味料: 基本信息 + 141 个添加剂
2025-09-06 11:25:15,968 - INFO - 成功爬取分类 其他调味品: 基本信息 + 96 个添加剂
2025-09-06 11:25:17,691 - INFO - 成功爬取分类 特殊膳食用食品: 基本信息 + 76 个添加剂
2025-09-06 11:25:19,242 - INFO - 成功爬取分类 婴幼儿配方食品: 基本信息 + 16 个添加剂
2025-09-06 11:25:20,835 - INFO - 成功爬取分类 婴儿配方食品: 基本信息 + 19 个添加剂
2025-09-06 11:25:22,484 - INFO - 成功爬取分类 较大婴儿和幼儿配方食品: 基本信息 + 20 个添加剂
2025-09-06 11:25:25,640 - INFO - 成功爬取分类 特殊医学用途婴儿配方食品: 基本信息 + 19 个添加剂
2025-09-06 11:25:25,640 - INFO - 分类进度: 300/369 完成，成功 300 个
2025-09-06 11:25:27,258 - INFO - 成功爬取分类 婴幼儿辅助食品: 基本信息 + 10 个添加剂
2025-09-06 11:25:28,818 - INFO - 成功爬取分类 婴幼儿谷类辅助食品: 基本信息 + 10 个添加剂
2025-09-06 11:25:30,393 - INFO - 成功爬取分类 婴幼儿罐装辅助食品: 基本信息 + 8 个添加剂
2025-09-06 11:25:32,206 - INFO - 成功爬取分类 其他特殊膳食用食品: 基本信息 + 78 个添加剂
2025-09-06 11:25:34,221 - INFO - 成功爬取分类 饮料类: 基本信息 + 119 个添加剂
2025-09-06 11:25:35,776 - INFO - 成功爬取分类 包装饮用水: 基本信息 + 2 个添加剂
2025-09-06 11:25:37,329 - INFO - 成功爬取分类 饮用天然矿泉水: 基本信息 + 1 个添加剂
2025-09-06 11:25:38,845 - INFO - 成功爬取分类 饮用纯净水: 基本信息 + 0 个添加剂
2025-09-06 11:25:40,397 - INFO - 成功爬取分类 其他类饮用水: 基本信息 + 4 个添加剂
2025-09-06 11:25:42,742 - INFO - 成功爬取分类 果蔬汁类及其饮料: 基本信息 + 119 个添加剂
2025-09-06 11:25:42,742 - INFO - 分类进度: 310/369 完成，成功 310 个
2025-09-06 11:25:44,316 - INFO - 成功爬取分类 果蔬汁（浆）: 基本信息 + 6 个添加剂
2025-09-06 11:25:45,948 - INFO - 成功爬取分类 浓缩果蔬汁（浆）: 基本信息 + 10 个添加剂
2025-09-06 11:25:53,902 - INFO - 成功爬取分类 果蔬汁（浆）类饮料: 基本信息 + 169 个添加剂
2025-09-06 11:25:56,469 - INFO - 成功爬取分类 蛋白饮料: 基本信息 + 132 个添加剂
2025-09-06 11:25:59,087 - INFO - 成功爬取分类 含乳饮料: 基本信息 + 139 个添加剂
2025-09-06 11:26:02,011 - INFO - 成功爬取分类 发酵型含乳饮料: 基本信息 + 139 个添加剂
2025-09-06 11:26:06,399 - INFO - 成功爬取分类 配制型含乳饮料: 基本信息 + 139 个添加剂
2025-09-06 11:26:09,049 - INFO - 成功爬取分类 乳酸菌饮料: 基本信息 + 141 个添加剂
2025-09-06 11:26:11,635 - INFO - 成功爬取分类 植物蛋白饮料: 基本信息 + 146 个添加剂
2025-09-06 11:26:16,610 - INFO - 成功爬取分类 复合蛋白饮料: 基本信息 + 136 个添加剂
2025-09-06 11:26:16,610 - INFO - 分类进度: 320/369 完成，成功 320 个
2025-09-06 11:26:19,281 - INFO - 成功爬取分类 其他蛋白饮料: 基本信息 + 134 个添加剂
2025-09-06 11:26:21,807 - INFO - 成功爬取分类 碳酸饮料: 基本信息 + 150 个添加剂
2025-09-06 11:26:24,522 - INFO - 成功爬取分类 可乐型碳酸饮料: 基本信息 + 152 个添加剂
2025-09-06 11:26:27,546 - INFO - 成功爬取分类 其他型碳酸饮料: 基本信息 + 151 个添加剂
2025-09-06 11:26:30,002 - INFO - 成功爬取分类 茶、咖啡、植物（类）饮料: 基本信息 + 130 个添加剂
2025-09-06 11:26:32,450 - INFO - 成功爬取分类 茶（类）饮料: 基本信息 + 136 个添加剂
2025-09-06 11:26:36,619 - INFO - 成功爬取分类 咖啡（类）饮料: 基本信息 + 132 个添加剂
2025-09-06 11:26:41,083 - INFO - 成功爬取分类 植物饮料: 基本信息 + 132 个添加剂
2025-09-06 11:26:43,564 - INFO - 成功爬取分类 固体饮料: 基本信息 + 136 个添加剂
2025-09-06 11:26:46,132 - INFO - 成功爬取分类 —: 基本信息 + 136 个添加剂
2025-09-06 11:26:46,132 - INFO - 分类进度: 330/369 完成，成功 330 个
2025-09-06 11:26:49,012 - INFO - 成功爬取分类 蛋白固体饮料: 基本信息 + 139 个添加剂
2025-09-06 11:26:53,259 - INFO - 成功爬取分类 速溶咖啡: 基本信息 + 136 个添加剂
2025-09-06 11:26:57,447 - INFO - 成功爬取分类 其他固体饮料: 基本信息 + 137 个添加剂
2025-09-06 11:27:00,048 - INFO - 成功爬取分类 特殊用途饮料: 基本信息 + 132 个添加剂
2025-09-06 11:27:02,612 - INFO - 成功爬取分类 风味饮料: 基本信息 + 160 个添加剂
2025-09-06 11:27:05,045 - INFO - 成功爬取分类 其他类饮料: 基本信息 + 121 个添加剂
2025-09-06 11:27:06,880 - INFO - 成功爬取分类 酒类: 基本信息 + 76 个添加剂
2025-09-06 11:27:10,359 - INFO - 成功爬取分类 蒸馏酒: 基本信息 + 76 个添加剂
2025-09-06 11:27:14,246 - INFO - 成功爬取分类 白酒: 基本信息 + 76 个添加剂
2025-09-06 11:27:16,376 - INFO - 成功爬取分类 调香蒸馏酒: 基本信息 + 76 个添加剂
2025-09-06 11:27:16,376 - INFO - 分类进度: 340/369 完成，成功 340 个
2025-09-06 11:27:18,251 - INFO - 成功爬取分类 白兰地: 基本信息 + 80 个添加剂
2025-09-06 11:27:20,147 - INFO - 成功爬取分类 威士忌: 基本信息 + 80 个添加剂
2025-09-06 11:27:22,005 - INFO - 成功爬取分类 伏特加: 基本信息 + 76 个添加剂
2025-09-06 11:27:26,467 - INFO - 成功爬取分类 朗姆酒: 基本信息 + 80 个添加剂
2025-09-06 11:27:28,429 - INFO - 成功爬取分类 其他蒸馏酒: 基本信息 + 79 个添加剂
2025-09-06 11:27:30,479 - INFO - 成功爬取分类 配制酒: 基本信息 + 122 个添加剂
2025-09-06 11:27:32,355 - INFO - 成功爬取分类 发酵酒: 基本信息 + 82 个添加剂
2025-09-06 11:27:33,889 - INFO - 成功爬取分类 葡萄酒: 基本信息 + 7 个添加剂
2025-09-06 11:27:35,459 - INFO - 成功爬取分类 无汽葡萄酒: 基本信息 + 7 个添加剂
2025-09-06 11:27:37,091 - INFO - 成功爬取分类 起泡葡萄酒: 基本信息 + 7 个添加剂
2025-09-06 11:27:37,091 - INFO - 分类进度: 350/369 完成，成功 350 个
2025-09-06 11:27:38,677 - INFO - 成功爬取分类 调香葡萄酒: 基本信息 + 10 个添加剂
2025-09-06 11:27:40,250 - INFO - 成功爬取分类 特种葡萄酒（按特殊工艺加工制作的葡萄酒，如在葡萄原酒中加入白兰地，浓缩葡萄汁等）: 基本信息 + 7 个添加剂
2025-09-06 11:27:42,183 - INFO - 成功爬取分类 黄酒: 基本信息 + 85 个添加剂
2025-09-06 11:27:44,123 - INFO - 成功爬取分类 果酒: 基本信息 + 88 个添加剂
2025-09-06 11:27:45,999 - INFO - 成功爬取分类 蜂蜜酒: 基本信息 + 82 个添加剂
2025-09-06 11:27:47,893 - INFO - 成功爬取分类 啤酒和麦芽饮料: 基本信息 + 88 个添加剂
2025-09-06 11:27:49,780 - INFO - 成功爬取分类 其他发酵酒类（充气型）: 基本信息 + 84 个添加剂
2025-09-06 11:27:51,548 - INFO - 成功爬取分类 其他类（01.0～15.0类除外）: 基本信息 + 76 个添加剂
2025-09-06 11:27:53,631 - INFO - 成功爬取分类 果冻: 基本信息 + 125 个添加剂
2025-09-06 11:27:55,459 - INFO - 成功爬取分类 茶叶、咖啡和茶制品: 基本信息 + 76 个添加剂
2025-09-06 11:27:55,459 - INFO - 分类进度: 360/369 完成，成功 360 个
2025-09-06 11:27:56,898 - INFO - 成功爬取分类 茶叶、咖啡: 基本信息 + 0 个添加剂
2025-09-06 11:27:58,733 - INFO - 成功爬取分类 茶制品（包括调味茶和代用茶）: 基本信息 + 78 个添加剂
2025-09-06 11:28:00,561 - INFO - 成功爬取分类 胶原蛋白肠衣: 基本信息 + 87 个添加剂
2025-09-06 11:28:02,335 - INFO - 成功爬取分类 酵母及酵母类制品: 基本信息 + 77 个添加剂
2025-09-06 11:28:04,174 - INFO - 成功爬取分类 干酵母: 基本信息 + 78 个添加剂
2025-09-06 11:28:06,007 - INFO - 成功爬取分类 其他酵母及酵母类制品: 基本信息 + 77 个添加剂
2025-09-06 11:28:07,712 - INFO - 成功爬取分类 食品加工用菌种制剂（16.04除外）: 基本信息 + 77 个添加剂
2025-09-06 11:28:09,582 - INFO - 成功爬取分类 膨化食品: 基本信息 + 121 个添加剂
2025-09-06 11:28:11,402 - INFO - 成功爬取分类 其他: 基本信息 + 85 个添加剂
2025-09-06 11:28:12,403 - INFO - 开始爬取其他数据...
2025-09-06 11:28:12,799 - INFO - 成功爬取 118 个加工助剂
2025-09-06 11:28:13,311 - INFO - 成功爬取 225 个酶制剂
2025-09-06 11:28:22,378 - INFO - 成功爬取香精香料: B.1表+B.2表(天然)+B.3表(合成) = 1921 个
2025-09-06 11:28:28,268 - INFO - 完整数据已保存到: D:\ProJect\Python\GB 2760-2024\final_gb2760_data.xlsx
